[ 2015-12-13T13:11:46+08:00 ] 127.0.0.1 /Grades/
INFO: [ app_init ] --START--
INFO: Run Behavior\BuildLiteBehavior [ RunTime:0.000000s ]
INFO: [ app_init ] --END-- [ RunTime:0.068003s ]
INFO: [ app_begin ] --START--
INFO: Run Behavior\ReadHtmlCacheBehavior [ RunTime:0.011000s ]
INFO: [ app_begin ] --END-- [ RunTime:0.011000s ]
NOTIC: [8] Use of undefined constant condition - assumed 'condition' D:\xampps\htdocs\Grades\Application\Home\Controller\IndexController.class.php 第 6 行.
SQL: SHOW COLUMNS FROM `gs_siteconfig` [ RunTime:0.2430s ]
SQL: SELECT * FROM `gs_siteconfig`  [ RunTime:0.0030s ]
INFO: [ view_parse ] --START--
INFO: [ template_filter ] --START--
INFO: Run Behavior\ContentReplaceBehavior [ RunTime:0.000000s ]
INFO: [ template_filter ] --END-- [ RunTime:0.000000s ]
NOTIC: [8] Undefined variable: grades D:\xampps\htdocs\Grades\Application\Runtime\Cache\Home\2a94b8bda04ff446dcedd42276fc99ee.php 第 56 行.
INFO: Run Behavior\ParseTemplateBehavior [ RunTime:0.871050s ]
INFO: [ view_parse ] --END-- [ RunTime:0.871050s ]
INFO: [ view_filter ] --START--
INFO: Run Behavior\WriteHtmlCacheBehavior [ RunTime:0.098005s ]
INFO: [ view_filter ] --END-- [ RunTime:0.098005s ]
INFO: [ app_end ] --START--
INFO: Run Behavior\ShowPageTraceBehavior [ RunTime:0.002000s ]
INFO: [ app_end ] --END-- [ RunTime:0.002000s ]

[ 2015-12-13T13:12:25+08:00 ] 127.0.0.1 /Grades/index.php/Home/Index/index.html
INFO: [ app_init ] --START--
INFO: Run Behavior\BuildLiteBehavior [ RunTime:0.000000s ]
INFO: [ app_init ] --END-- [ RunTime:0.001000s ]
INFO: [ app_begin ] --START--
INFO: Run Behavior\ReadHtmlCacheBehavior [ RunTime:0.002000s ]
INFO: [ app_begin ] --END-- [ RunTime:0.002000s ]
NOTIC: [8] Use of undefined constant condition - assumed 'condition' D:\xampps\htdocs\Grades\Application\Home\Controller\IndexController.class.php 第 6 行.
SQL: SHOW COLUMNS FROM `gs_grades` [ RunTime:0.0090s ]
SQL: SELECT * FROM `gs_grades`  [ RunTime:0.0060s ]
SQL: SHOW COLUMNS FROM `gs_siteconfig` [ RunTime:0.0070s ]
SQL: SELECT * FROM `gs_siteconfig`  [ RunTime:0.0060s ]
INFO: [ view_parse ] --START--
INFO: [ template_filter ] --START--
INFO: Run Behavior\ContentReplaceBehavior [ RunTime:0.000000s ]
INFO: [ template_filter ] --END-- [ RunTime:0.000000s ]
SQL: SHOW COLUMNS FROM `gs_term` [ RunTime:0.0080s ]
SQL: SELECT * FROM `gs_term` WHERE `id` = 3 LIMIT 1   [ RunTime:0.0030s ]
SQL: SHOW COLUMNS FROM `gs_subject` [ RunTime:0.0300s ]
SQL: SELECT * FROM `gs_subject` WHERE `id` = 1 LIMIT 1   [ RunTime:0.0040s ]
SQL: SELECT * FROM `gs_term` WHERE `id` = 2 LIMIT 1   [ RunTime:0.0040s ]
SQL: SELECT * FROM `gs_subject` WHERE `id` = 1 LIMIT 1   [ RunTime:0.0040s ]
SQL: SELECT * FROM `gs_term` WHERE `id` = 2 LIMIT 1   [ RunTime:0.0020s ]
SQL: SELECT * FROM `gs_subject` WHERE `id` = 2 LIMIT 1   [ RunTime:0.0050s ]
SQL: SELECT * FROM `gs_term` WHERE `id` = 3 LIMIT 1   [ RunTime:0.0050s ]
SQL: SELECT * FROM `gs_subject` WHERE `id` = 1 LIMIT 1   [ RunTime:0.0030s ]
SQL: SELECT * FROM `gs_term` WHERE `id` = 2 LIMIT 1   [ RunTime:0.0060s ]
SQL: SELECT * FROM `gs_subject` WHERE `id` = 3 LIMIT 1   [ RunTime:0.0050s ]
SQL: SELECT * FROM `gs_term` WHERE `id` = 2 LIMIT 1   [ RunTime:0.0030s ]
SQL: SELECT * FROM `gs_subject` WHERE `id` = 1 LIMIT 1   [ RunTime:0.0020s ]
SQL: SELECT * FROM `gs_term` WHERE `id` = 2 LIMIT 1   [ RunTime:0.0010s ]
SQL: SELECT * FROM `gs_subject` WHERE `id` = 2 LIMIT 1   [ RunTime:0.0060s ]
SQL: SELECT * FROM `gs_term` WHERE `id` = 1 LIMIT 1   [ RunTime:0.0040s ]
SQL: SELECT * FROM `gs_subject` WHERE `id` = 1 LIMIT 1   [ RunTime:0.0040s ]
SQL: SELECT * FROM `gs_term` WHERE `id` = 1 LIMIT 1   [ RunTime:0.0030s ]
SQL: SELECT * FROM `gs_subject` WHERE `id` = 2 LIMIT 1   [ RunTime:0.0040s ]
SQL: SELECT * FROM `gs_term` WHERE `id` = 3 LIMIT 1   [ RunTime:0.0040s ]
SQL: SELECT * FROM `gs_subject` WHERE `id` = 2 LIMIT 1   [ RunTime:0.0020s ]
SQL: SELECT * FROM `gs_term` WHERE `id` = 3 LIMIT 1   [ RunTime:0.0030s ]
SQL: SELECT * FROM `gs_subject` WHERE `id` = 1 LIMIT 1   [ RunTime:0.0040s ]
SQL: SELECT * FROM `gs_term` WHERE `id` = 2 LIMIT 1   [ RunTime:0.0030s ]
SQL: SELECT * FROM `gs_subject` WHERE `id` = 1 LIMIT 1   [ RunTime:0.0050s ]
SQL: SELECT * FROM `gs_term` WHERE `id` = 3 LIMIT 1   [ RunTime:0.0030s ]
SQL: SELECT * FROM `gs_subject` WHERE `id` = 1 LIMIT 1   [ RunTime:0.0020s ]
SQL: SELECT * FROM `gs_term` WHERE `id` = 3 LIMIT 1   [ RunTime:0.0030s ]
SQL: SELECT * FROM `gs_subject` WHERE `id` = 1 LIMIT 1   [ RunTime:0.0040s ]
INFO: Run Behavior\ParseTemplateBehavior [ RunTime:0.172010s ]
INFO: [ view_parse ] --END-- [ RunTime:0.172010s ]
INFO: [ view_filter ] --START--
INFO: Run Behavior\WriteHtmlCacheBehavior [ RunTime:0.001000s ]
INFO: [ view_filter ] --END-- [ RunTime:0.001000s ]
INFO: [ app_end ] --START--
INFO: Run Behavior\ShowPageTraceBehavior [ RunTime:0.002000s ]
INFO: [ app_end ] --END-- [ RunTime:0.002000s ]

[ 2015-12-13T13:14:28+08:00 ] 127.0.0.1 /Grades/index.php
INFO: [ app_init ] --START--
INFO: Run Behavior\BuildLiteBehavior [ RunTime:0.000000s ]
INFO: [ app_init ] --END-- [ RunTime:0.001000s ]
INFO: [ app_begin ] --START--
INFO: Run Behavior\ReadHtmlCacheBehavior [ RunTime:0.002000s ]
INFO: [ app_begin ] --END-- [ RunTime:0.003000s ]
NOTIC: [8] Use of undefined constant condition - assumed 'condition' D:\xampps\htdocs\Grades\Application\Home\Controller\IndexController.class.php 第 6 行.
SQL: SHOW COLUMNS FROM `gs_siteconfig` [ RunTime:0.0080s ]
SQL: SELECT * FROM `gs_siteconfig`  [ RunTime:0.0020s ]
INFO: [ view_parse ] --START--
INFO: [ template_filter ] --START--
INFO: Run Behavior\ContentReplaceBehavior [ RunTime:0.000000s ]
INFO: [ template_filter ] --END-- [ RunTime:0.000000s ]
NOTIC: [8] Undefined variable: grades D:\xampps\htdocs\Grades\Application\Runtime\Cache\Home\2a94b8bda04ff446dcedd42276fc99ee.php 第 56 行.
INFO: Run Behavior\ParseTemplateBehavior [ RunTime:0.112007s ]
INFO: [ view_parse ] --END-- [ RunTime:0.113007s ]
INFO: [ view_filter ] --START--
INFO: Run Behavior\WriteHtmlCacheBehavior [ RunTime:0.001000s ]
INFO: [ view_filter ] --END-- [ RunTime:0.002000s ]
INFO: [ app_end ] --START--
INFO: Run Behavior\ShowPageTraceBehavior [ RunTime:0.001000s ]
INFO: [ app_end ] --END-- [ RunTime:0.001000s ]

[ 2015-12-13T13:14:35+08:00 ] 127.0.0.1 /Grades/index.php/Home/Index/index.html
INFO: [ app_init ] --START--
INFO: Run Behavior\BuildLiteBehavior [ RunTime:0.000000s ]
INFO: [ app_init ] --END-- [ RunTime:0.001000s ]
INFO: [ app_begin ] --START--
INFO: Run Behavior\ReadHtmlCacheBehavior [ RunTime:0.003000s ]
INFO: [ app_begin ] --END-- [ RunTime:0.003000s ]
NOTIC: [8] Use of undefined constant condition - assumed 'condition' D:\xampps\htdocs\Grades\Application\Home\Controller\IndexController.class.php 第 6 行.
SQL: SHOW COLUMNS FROM `gs_siteconfig` [ RunTime:0.0080s ]
SQL: SELECT * FROM `gs_siteconfig`  [ RunTime:0.0010s ]
INFO: [ view_parse ] --START--
INFO: [ template_filter ] --START--
INFO: Run Behavior\ContentReplaceBehavior [ RunTime:0.000000s ]
INFO: [ template_filter ] --END-- [ RunTime:0.000000s ]
NOTIC: [8] Undefined variable: grades D:\xampps\htdocs\Grades\Application\Runtime\Cache\Home\2a94b8bda04ff446dcedd42276fc99ee.php 第 56 行.
INFO: Run Behavior\ParseTemplateBehavior [ RunTime:0.035002s ]
INFO: [ view_parse ] --END-- [ RunTime:0.036002s ]
INFO: [ view_filter ] --START--
INFO: Run Behavior\WriteHtmlCacheBehavior [ RunTime:0.001000s ]
INFO: [ view_filter ] --END-- [ RunTime:0.001000s ]
INFO: [ app_end ] --START--
INFO: Run Behavior\ShowPageTraceBehavior [ RunTime:0.003001s ]
INFO: [ app_end ] --END-- [ RunTime:0.003001s ]

[ 2015-12-13T13:17:07+08:00 ] 127.0.0.1 /Grades/index.php/Home/Index/index.html
INFO: [ app_init ] --START--
INFO: Run Behavior\BuildLiteBehavior [ RunTime:0.000000s ]
INFO: [ app_init ] --END-- [ RunTime:0.001000s ]
INFO: [ app_begin ] --START--
INFO: Run Behavior\ReadHtmlCacheBehavior [ RunTime:0.002000s ]
INFO: [ app_begin ] --END-- [ RunTime:0.002000s ]
NOTIC: [8] Use of undefined constant condition - assumed 'condition' D:\xampps\htdocs\Grades\Application\Home\Controller\IndexController.class.php 第 6 行.
SQL: SHOW COLUMNS FROM `gs_siteconfig` [ RunTime:0.0090s ]
SQL: SELECT * FROM `gs_siteconfig`  [ RunTime:0.0010s ]
INFO: [ view_parse ] --START--
INFO: [ template_filter ] --START--
INFO: Run Behavior\ContentReplaceBehavior [ RunTime:0.000000s ]
INFO: [ template_filter ] --END-- [ RunTime:0.000000s ]
NOTIC: [8] Undefined variable: grades D:\xampps\htdocs\Grades\Application\Runtime\Cache\Home\2a94b8bda04ff446dcedd42276fc99ee.php 第 56 行.
INFO: Run Behavior\ParseTemplateBehavior [ RunTime:0.016001s ]
INFO: [ view_parse ] --END-- [ RunTime:0.016001s ]
INFO: [ view_filter ] --START--
INFO: Run Behavior\WriteHtmlCacheBehavior [ RunTime:0.001000s ]
INFO: [ view_filter ] --END-- [ RunTime:0.002000s ]
INFO: [ app_end ] --START--
INFO: Run Behavior\ShowPageTraceBehavior [ RunTime:0.002000s ]
INFO: [ app_end ] --END-- [ RunTime:0.002000s ]

[ 2015-12-13T13:27:35+08:00 ] 127.0.0.1 /Grades/index.php/Home/Index/index.html
INFO: [ app_init ] --START--
INFO: Run Behavior\BuildLiteBehavior [ RunTime:0.000000s ]
INFO: [ app_init ] --END-- [ RunTime:0.000000s ]
INFO: [ app_begin ] --START--
INFO: Run Behavior\ReadHtmlCacheBehavior [ RunTime:0.002000s ]
INFO: [ app_begin ] --END-- [ RunTime:0.002000s ]
NOTIC: [8] Use of undefined constant condition - assumed 'condition' D:\xampps\htdocs\Grades\Application\Home\Controller\IndexController.class.php 第 6 行.
SQL: SHOW COLUMNS FROM `gs_siteconfig` [ RunTime:0.0080s ]
SQL: SELECT * FROM `gs_siteconfig`  [ RunTime:0.0010s ]
INFO: [ view_parse ] --START--
INFO: [ template_filter ] --START--
INFO: Run Behavior\ContentReplaceBehavior [ RunTime:0.000000s ]
INFO: [ template_filter ] --END-- [ RunTime:0.000000s ]
NOTIC: [8] Undefined variable: grades D:\xampps\htdocs\Grades\Application\Runtime\Cache\Home\2a94b8bda04ff446dcedd42276fc99ee.php 第 56 行.
INFO: Run Behavior\ParseTemplateBehavior [ RunTime:0.017001s ]
INFO: [ view_parse ] --END-- [ RunTime:0.017001s ]
INFO: [ view_filter ] --START--
INFO: Run Behavior\WriteHtmlCacheBehavior [ RunTime:0.002000s ]
INFO: [ view_filter ] --END-- [ RunTime:0.002000s ]
INFO: [ app_end ] --START--
INFO: Run Behavior\ShowPageTraceBehavior [ RunTime:0.001000s ]
INFO: [ app_end ] --END-- [ RunTime:0.001000s ]

[ 2015-12-13T13:27:48+08:00 ] 127.0.0.1 /Grades/index.php/Home/Index/index.html
INFO: [ app_init ] --START--
INFO: Run Behavior\BuildLiteBehavior [ RunTime:0.000000s ]
INFO: [ app_init ] --END-- [ RunTime:0.001000s ]
INFO: [ app_begin ] --START--
INFO: Run Behavior\ReadHtmlCacheBehavior [ RunTime:0.002000s ]
INFO: [ app_begin ] --END-- [ RunTime:0.002000s ]
NOTIC: [8] Use of undefined constant condition - assumed 'condition' D:\xampps\htdocs\Grades\Application\Home\Controller\IndexController.class.php 第 6 行.
SQL: SHOW COLUMNS FROM `gs_grades` [ RunTime:0.0070s ]
SQL: SELECT * FROM `gs_grades`  [ RunTime:0.0030s ]
SQL: SHOW COLUMNS FROM `gs_siteconfig` [ RunTime:0.0100s ]
SQL: SELECT * FROM `gs_siteconfig`  [ RunTime:0.0020s ]
INFO: [ view_parse ] --START--
INFO: [ template_filter ] --START--
INFO: Run Behavior\ContentReplaceBehavior [ RunTime:0.000000s ]
INFO: [ template_filter ] --END-- [ RunTime:0.000000s ]
SQL: SHOW COLUMNS FROM `gs_term` [ RunTime:0.0100s ]
SQL: SELECT * FROM `gs_term` WHERE `id` = 3 LIMIT 1   [ RunTime:0.0030s ]
SQL: SHOW COLUMNS FROM `gs_subject` [ RunTime:0.0070s ]
SQL: SELECT * FROM `gs_subject` WHERE `id` = 1 LIMIT 1   [ RunTime:0.0020s ]
SQL: SELECT * FROM `gs_term` WHERE `id` = 2 LIMIT 1   [ RunTime:0.0040s ]
SQL: SELECT * FROM `gs_subject` WHERE `id` = 1 LIMIT 1   [ RunTime:0.0020s ]
SQL: SELECT * FROM `gs_term` WHERE `id` = 2 LIMIT 1   [ RunTime:0.0030s ]
SQL: SELECT * FROM `gs_subject` WHERE `id` = 2 LIMIT 1   [ RunTime:0.0020s ]
SQL: SELECT * FROM `gs_term` WHERE `id` = 3 LIMIT 1   [ RunTime:0.0020s ]
SQL: SELECT * FROM `gs_subject` WHERE `id` = 1 LIMIT 1   [ RunTime:0.0020s ]
SQL: SELECT * FROM `gs_term` WHERE `id` = 2 LIMIT 1   [ RunTime:0.0010s ]
SQL: SELECT * FROM `gs_subject` WHERE `id` = 3 LIMIT 1   [ RunTime:0.0020s ]
SQL: SELECT * FROM `gs_term` WHERE `id` = 2 LIMIT 1   [ RunTime:0.0010s ]
SQL: SELECT * FROM `gs_subject` WHERE `id` = 1 LIMIT 1   [ RunTime:0.0020s ]
SQL: SELECT * FROM `gs_term` WHERE `id` = 2 LIMIT 1   [ RunTime:0.0020s ]
SQL: SELECT * FROM `gs_subject` WHERE `id` = 2 LIMIT 1   [ RunTime:0.0040s ]
SQL: SELECT * FROM `gs_term` WHERE `id` = 1 LIMIT 1   [ RunTime:0.0020s ]
SQL: SELECT * FROM `gs_subject` WHERE `id` = 1 LIMIT 1   [ RunTime:0.0010s ]
SQL: SELECT * FROM `gs_term` WHERE `id` = 1 LIMIT 1   [ RunTime:0.0010s ]
SQL: SELECT * FROM `gs_subject` WHERE `id` = 2 LIMIT 1   [ RunTime:0.0010s ]
SQL: SELECT * FROM `gs_term` WHERE `id` = 3 LIMIT 1   [ RunTime:0.0010s ]
SQL: SELECT * FROM `gs_subject` WHERE `id` = 2 LIMIT 1   [ RunTime:0.0030s ]
SQL: SELECT * FROM `gs_term` WHERE `id` = 3 LIMIT 1   [ RunTime:0.0020s ]
SQL: SELECT * FROM `gs_subject` WHERE `id` = 1 LIMIT 1   [ RunTime:0.0030s ]
SQL: SELECT * FROM `gs_term` WHERE `id` = 2 LIMIT 1   [ RunTime:0.0040s ]
SQL: SELECT * FROM `gs_subject` WHERE `id` = 1 LIMIT 1   [ RunTime:0.0050s ]
SQL: SELECT * FROM `gs_term` WHERE `id` = 3 LIMIT 1   [ RunTime:0.0020s ]
SQL: SELECT * FROM `gs_subject` WHERE `id` = 1 LIMIT 1   [ RunTime:0.0040s ]
SQL: SELECT * FROM `gs_term` WHERE `id` = 3 LIMIT 1   [ RunTime:0.0030s ]
SQL: SELECT * FROM `gs_subject` WHERE `id` = 1 LIMIT 1   [ RunTime:0.0020s ]
INFO: Run Behavior\ParseTemplateBehavior [ RunTime:0.110007s ]
INFO: [ view_parse ] --END-- [ RunTime:0.110007s ]
INFO: [ view_filter ] --START--
INFO: Run Behavior\WriteHtmlCacheBehavior [ RunTime:0.001000s ]
INFO: [ view_filter ] --END-- [ RunTime:0.001000s ]
INFO: [ app_end ] --START--
INFO: Run Behavior\ShowPageTraceBehavior [ RunTime:0.005000s ]
INFO: [ app_end ] --END-- [ RunTime:0.005000s ]

[ 2015-12-13T13:28:15+08:00 ] 127.0.0.1 /Grades/index.php/Home/Index/index.html
INFO: [ app_init ] --START--
INFO: Run Behavior\BuildLiteBehavior [ RunTime:0.000000s ]
INFO: [ app_init ] --END-- [ RunTime:0.000000s ]
INFO: [ app_begin ] --START--
INFO: Run Behavior\ReadHtmlCacheBehavior [ RunTime:0.001000s ]
INFO: [ app_begin ] --END-- [ RunTime:0.001000s ]
NOTIC: [8] Use of undefined constant condition - assumed 'condition' D:\xampps\htdocs\Grades\Application\Home\Controller\IndexController.class.php 第 6 行.
SQL: SHOW COLUMNS FROM `gs_grades` [ RunTime:0.1910s ]
SQL: SELECT * FROM `gs_grades`  [ RunTime:0.0030s ]
SQL: SHOW COLUMNS FROM `gs_siteconfig` [ RunTime:0.0080s ]
SQL: SELECT * FROM `gs_siteconfig`  [ RunTime:0.0010s ]
INFO: [ view_parse ] --START--
INFO: [ template_filter ] --START--
INFO: Run Behavior\ContentReplaceBehavior [ RunTime:0.000000s ]
INFO: [ template_filter ] --END-- [ RunTime:0.000000s ]
SQL: SHOW COLUMNS FROM `gs_term` [ RunTime:0.0090s ]
SQL: SELECT * FROM `gs_term` WHERE `id` = 3 LIMIT 1   [ RunTime:0.0030s ]
SQL: SHOW COLUMNS FROM `gs_subject` [ RunTime:0.0070s ]
SQL: SELECT * FROM `gs_subject` WHERE `id` = 1 LIMIT 1   [ RunTime:0.0010s ]
SQL: SELECT * FROM `gs_term` WHERE `id` = 2 LIMIT 1   [ RunTime:0.0000s ]
SQL: SELECT * FROM `gs_subject` WHERE `id` = 1 LIMIT 1   [ RunTime:0.0000s ]
SQL: SELECT * FROM `gs_term` WHERE `id` = 2 LIMIT 1   [ RunTime:0.0010s ]
SQL: SELECT * FROM `gs_subject` WHERE `id` = 2 LIMIT 1   [ RunTime:0.0020s ]
SQL: SELECT * FROM `gs_term` WHERE `id` = 3 LIMIT 1   [ RunTime:0.0010s ]
SQL: SELECT * FROM `gs_subject` WHERE `id` = 1 LIMIT 1   [ RunTime:0.0010s ]
SQL: SELECT * FROM `gs_term` WHERE `id` = 2 LIMIT 1   [ RunTime:0.0010s ]
SQL: SELECT * FROM `gs_subject` WHERE `id` = 3 LIMIT 1   [ RunTime:0.0010s ]
SQL: SELECT * FROM `gs_term` WHERE `id` = 2 LIMIT 1   [ RunTime:0.0020s ]
SQL: SELECT * FROM `gs_subject` WHERE `id` = 1 LIMIT 1   [ RunTime:0.0020s ]
SQL: SELECT * FROM `gs_term` WHERE `id` = 2 LIMIT 1   [ RunTime:0.0010s ]
SQL: SELECT * FROM `gs_subject` WHERE `id` = 2 LIMIT 1   [ RunTime:0.0010s ]
SQL: SELECT * FROM `gs_term` WHERE `id` = 1 LIMIT 1   [ RunTime:0.0010s ]
SQL: SELECT * FROM `gs_subject` WHERE `id` = 1 LIMIT 1   [ RunTime:0.0020s ]
SQL: SELECT * FROM `gs_term` WHERE `id` = 1 LIMIT 1   [ RunTime:0.0010s ]
SQL: SELECT * FROM `gs_subject` WHERE `id` = 2 LIMIT 1   [ RunTime:0.0020s ]
SQL: SELECT * FROM `gs_term` WHERE `id` = 3 LIMIT 1   [ RunTime:0.0020s ]
SQL: SELECT * FROM `gs_subject` WHERE `id` = 2 LIMIT 1   [ RunTime:0.0020s ]
SQL: SELECT * FROM `gs_term` WHERE `id` = 3 LIMIT 1   [ RunTime:0.0010s ]
SQL: SELECT * FROM `gs_subject` WHERE `id` = 1 LIMIT 1   [ RunTime:0.0010s ]
SQL: SELECT * FROM `gs_term` WHERE `id` = 2 LIMIT 1   [ RunTime:0.0030s ]
SQL: SELECT * FROM `gs_subject` WHERE `id` = 1 LIMIT 1   [ RunTime:0.0030s ]
SQL: SELECT * FROM `gs_term` WHERE `id` = 3 LIMIT 1   [ RunTime:0.0020s ]
SQL: SELECT * FROM `gs_subject` WHERE `id` = 1 LIMIT 1   [ RunTime:0.0020s ]
SQL: SELECT * FROM `gs_term` WHERE `id` = 3 LIMIT 1   [ RunTime:0.0020s ]
SQL: SELECT * FROM `gs_subject` WHERE `id` = 1 LIMIT 1   [ RunTime:0.0030s ]
INFO: Run Behavior\ParseTemplateBehavior [ RunTime:0.087005s ]
INFO: [ view_parse ] --END-- [ RunTime:0.087005s ]
INFO: [ view_filter ] --START--
INFO: Run Behavior\WriteHtmlCacheBehavior [ RunTime:0.001000s ]
INFO: [ view_filter ] --END-- [ RunTime:0.001000s ]
INFO: [ app_end ] --START--
INFO: Run Behavior\ShowPageTraceBehavior [ RunTime:0.002000s ]
INFO: [ app_end ] --END-- [ RunTime:0.002000s ]

[ 2015-12-13T13:28:21+08:00 ] 127.0.0.1 /Grades/index.php/
INFO: [ app_init ] --START--
INFO: Run Behavior\BuildLiteBehavior [ RunTime:0.000000s ]
INFO: [ app_init ] --END-- [ RunTime:0.001000s ]
INFO: [ app_begin ] --START--
INFO: Run Behavior\ReadHtmlCacheBehavior [ RunTime:0.003000s ]
INFO: [ app_begin ] --END-- [ RunTime:0.003000s ]
NOTIC: [8] Use of undefined constant condition - assumed 'condition' D:\xampps\htdocs\Grades\Application\Home\Controller\IndexController.class.php 第 6 行.
SQL: SHOW COLUMNS FROM `gs_siteconfig` [ RunTime:0.0050s ]
SQL: SELECT * FROM `gs_siteconfig`  [ RunTime:0.0020s ]
INFO: [ view_parse ] --START--
INFO: [ template_filter ] --START--
INFO: Run Behavior\ContentReplaceBehavior [ RunTime:0.000000s ]
INFO: [ template_filter ] --END-- [ RunTime:0.000000s ]
NOTIC: [8] Undefined variable: grades D:\xampps\htdocs\Grades\Application\Runtime\Cache\Home\2a94b8bda04ff446dcedd42276fc99ee.php 第 56 行.
INFO: Run Behavior\ParseTemplateBehavior [ RunTime:0.013001s ]
INFO: [ view_parse ] --END-- [ RunTime:0.013001s ]
INFO: [ view_filter ] --START--
INFO: Run Behavior\WriteHtmlCacheBehavior [ RunTime:0.002000s ]
INFO: [ view_filter ] --END-- [ RunTime:0.002000s ]
INFO: [ app_end ] --START--
INFO: Run Behavior\ShowPageTraceBehavior [ RunTime:0.001000s ]
INFO: [ app_end ] --END-- [ RunTime:0.001000s ]

[ 2015-12-13T14:34:52+08:00 ] 127.0.0.1 /Grades/index.php/Home/Index/index.html
INFO: [ app_init ] --START--
INFO: Run Behavior\BuildLiteBehavior [ RunTime:0.000000s ]
INFO: [ app_init ] --END-- [ RunTime:0.001000s ]
INFO: [ app_begin ] --START--
INFO: Run Behavior\ReadHtmlCacheBehavior [ RunTime:0.002000s ]
INFO: [ app_begin ] --END-- [ RunTime:0.002000s ]
NOTIC: [8] Use of undefined constant condition - assumed 'condition' D:\xampps\htdocs\Grades\Application\Home\Controller\IndexController.class.php 第 6 行.
SQL: SHOW COLUMNS FROM `gs_siteconfig` [ RunTime:0.3670s ]
SQL: SELECT * FROM `gs_siteconfig`  [ RunTime:0.0010s ]
INFO: [ view_parse ] --START--
INFO: [ template_filter ] --START--
INFO: Run Behavior\ContentReplaceBehavior [ RunTime:0.000000s ]
INFO: [ template_filter ] --END-- [ RunTime:0.001000s ]
NOTIC: [8] Undefined variable: grades D:\xampps\htdocs\Grades\Application\Runtime\Cache\Home\2a94b8bda04ff446dcedd42276fc99ee.php 第 56 行.
INFO: Run Behavior\ParseTemplateBehavior [ RunTime:0.363021s ]
INFO: [ view_parse ] --END-- [ RunTime:0.363021s ]
INFO: [ view_filter ] --START--
INFO: Run Behavior\WriteHtmlCacheBehavior [ RunTime:0.001000s ]
INFO: [ view_filter ] --END-- [ RunTime:0.001000s ]
INFO: [ app_end ] --START--
INFO: Run Behavior\ShowPageTraceBehavior [ RunTime:0.002000s ]
INFO: [ app_end ] --END-- [ RunTime:0.002000s ]

[ 2015-12-13T14:37:29+08:00 ] 127.0.0.1 /Grades/index.php/Home/Index/index.html
INFO: [ app_init ] --START--
INFO: Run Behavior\BuildLiteBehavior [ RunTime:0.000000s ]
INFO: [ app_init ] --END-- [ RunTime:0.004000s ]
INFO: [ app_begin ] --START--
INFO: Run Behavior\ReadHtmlCacheBehavior [ RunTime:0.001000s ]
INFO: [ app_begin ] --END-- [ RunTime:0.001000s ]
NOTIC: [8] Use of undefined constant condition - assumed 'condition' D:\xampps\htdocs\Grades\Application\Home\Controller\IndexController.class.php 第 6 行.
SQL: SHOW COLUMNS FROM `gs_siteconfig` [ RunTime:0.0080s ]
SQL: SELECT * FROM `gs_siteconfig`  [ RunTime:0.0020s ]
INFO: [ view_parse ] --START--
INFO: [ template_filter ] --START--
INFO: Run Behavior\ContentReplaceBehavior [ RunTime:0.000000s ]
INFO: [ template_filter ] --END-- [ RunTime:0.000000s ]
NOTIC: [8] Undefined variable: grades D:\xampps\htdocs\Grades\Application\Runtime\Cache\Home\2a94b8bda04ff446dcedd42276fc99ee.php 第 56 行.
INFO: Run Behavior\ParseTemplateBehavior [ RunTime:0.020001s ]
INFO: [ view_parse ] --END-- [ RunTime:0.020001s ]
INFO: [ view_filter ] --START--
INFO: Run Behavior\WriteHtmlCacheBehavior [ RunTime:0.002000s ]
INFO: [ view_filter ] --END-- [ RunTime:0.002000s ]
INFO: [ app_end ] --START--
INFO: Run Behavior\ShowPageTraceBehavior [ RunTime:0.003000s ]
INFO: [ app_end ] --END-- [ RunTime:0.003000s ]

