[ 2015-12-16T10:19:51+08:00 ] 127.0.0.1 /Grades/
INFO: [ app_init ] --START--
INFO: Run Behavior\BuildLiteBehavior [ RunTime:0.000000s ]
INFO: [ app_init ] --END-- [ RunTime:0.286017s ]
INFO: [ app_begin ] --START--
INFO: Run Behavior\ReadHtmlCacheBehavior [ RunTime:0.081005s ]
INFO: [ app_begin ] --END-- [ RunTime:0.081005s ]
NOTIC: [8] Use of undefined constant condition - assumed 'condition' D:\xampps\htdocs\Grades\Application\Home\Controller\IndexController.class.php 第 6 行.
SQL: SHOW COLUMNS FROM `gs_siteconfig` [ RunTime:0.1170s ]
SQL: SELECT * FROM `gs_siteconfig`  [ RunTime:0.0010s ]
INFO: [ view_parse ] --START--
INFO: [ template_filter ] --START--
INFO: Run Behavior\ContentReplaceBehavior [ RunTime:0.000000s ]
INFO: [ template_filter ] --END-- [ RunTime:0.000000s ]
NOTIC: [8] Undefined variable: grades D:\xampps\htdocs\Grades\Application\Runtime\Cache\Home\2a94b8bda04ff446dcedd42276fc99ee.php 第 56 行.
INFO: Run Behavior\ParseTemplateBehavior [ RunTime:1.081062s ]
INFO: [ view_parse ] --END-- [ RunTime:1.081062s ]
INFO: [ view_filter ] --START--
INFO: Run Behavior\WriteHtmlCacheBehavior [ RunTime:0.034002s ]
INFO: [ view_filter ] --END-- [ RunTime:0.035002s ]
INFO: [ app_end ] --START--
INFO: Run Behavior\ShowPageTraceBehavior [ RunTime:0.055003s ]
INFO: [ app_end ] --END-- [ RunTime:0.055003s ]

