[ 2016-04-12T12:09:34+08:00 ] ::1 /Grades/
INFO: [ app_init ] --START--
INFO: Run Behavior\BuildLiteBehavior [ RunTime:0.000054s ]
INFO: [ app_init ] --END-- [ RunTime:0.012777s ]
INFO: [ app_begin ] --START--
INFO: Run Behavior\ReadHtmlCacheBehavior [ RunTime:0.001681s ]
INFO: [ app_begin ] --END-- [ RunTime:0.001906s ]
NOTIC: [8] Use of undefined constant condition - assumed 'condition' D:\wamp\www\Grades\Application\Home\Controller\IndexController.class.php 第 6 行.
SQL: SHOW COLUMNS FROM `gs_siteconfig` [ RunTime:0.0842s ]
SQL: SELECT * FROM `gs_siteconfig`  [ RunTime:0.0009s ]
INFO: [ view_parse ] --START--
INFO: [ template_filter ] --START--
INFO: Run Behavior\ContentReplaceBehavior [ RunTime:0.000240s ]
INFO: [ template_filter ] --END-- [ RunTime:0.000721s ]
NOTIC: [8] Undefined variable: grades D:\wamp\www\Grades\Application\Runtime\Cache\Home\2a94b8bda04ff446dcedd42276fc99ee.php 第 56 行.
INFO: Run Behavior\ParseTemplateBehavior [ RunTime:0.136397s ]
INFO: [ view_parse ] --END-- [ RunTime:0.136893s ]
INFO: [ view_filter ] --START--
INFO: Run Behavior\WriteHtmlCacheBehavior [ RunTime:0.016974s ]
INFO: [ view_filter ] --END-- [ RunTime:0.017403s ]
INFO: [ app_end ] --START--
INFO: Run Behavior\ShowPageTraceBehavior [ RunTime:0.011015s ]
INFO: [ app_end ] --END-- [ RunTime:0.011453s ]

[ 2016-04-12T12:12:27+08:00 ] ::1 /Grades/index.php/Home/Index/index.html
INFO: [ app_init ] --START--
INFO: Run Behavior\BuildLiteBehavior [ RunTime:0.000051s ]
INFO: [ app_init ] --END-- [ RunTime:0.001602s ]
INFO: [ app_begin ] --START--
INFO: Run Behavior\ReadHtmlCacheBehavior [ RunTime:0.001912s ]
INFO: [ app_begin ] --END-- [ RunTime:0.002133s ]
NOTIC: [8] Use of undefined constant condition - assumed 'condition' D:\wamp\www\Grades\Application\Home\Controller\IndexController.class.php 第 6 行.
SQL: SHOW COLUMNS FROM `gs_siteconfig` [ RunTime:0.0047s ]
SQL: SELECT * FROM `gs_siteconfig`  [ RunTime:0.0003s ]
INFO: [ view_parse ] --START--
INFO: [ template_filter ] --START--
INFO: Run Behavior\ContentReplaceBehavior [ RunTime:0.000077s ]
INFO: [ template_filter ] --END-- [ RunTime:0.000229s ]
NOTIC: [8] Undefined variable: grades D:\wamp\www\Grades\Application\Runtime\Cache\Home\2a94b8bda04ff446dcedd42276fc99ee.php 第 56 行.
INFO: Run Behavior\ParseTemplateBehavior [ RunTime:0.014924s ]
INFO: [ view_parse ] --END-- [ RunTime:0.015150s ]
INFO: [ view_filter ] --START--
INFO: Run Behavior\WriteHtmlCacheBehavior [ RunTime:0.001781s ]
INFO: [ view_filter ] --END-- [ RunTime:0.001969s ]
INFO: [ app_end ] --START--
INFO: Run Behavior\ShowPageTraceBehavior [ RunTime:0.002027s ]
INFO: [ app_end ] --END-- [ RunTime:0.002199s ]

[ 2016-04-12T21:07:21+08:00 ] ::1 /Grades/
INFO: [ app_init ] --START--
INFO: Run Behavior\BuildLiteBehavior [ RunTime:0.000039s ]
INFO: [ app_init ] --END-- [ RunTime:0.046827s ]
INFO: [ app_begin ] --START--
INFO: Run Behavior\ReadHtmlCacheBehavior [ RunTime:0.014786s ]
INFO: [ app_begin ] --END-- [ RunTime:0.015106s ]
NOTIC: [8] Use of undefined constant condition - assumed 'condition' D:\wamp\www\Grades\Application\Home\Controller\IndexController.class.php 第 6 行.
SQL: SHOW COLUMNS FROM `gs_siteconfig` [ RunTime:0.0952s ]
SQL: SELECT * FROM `gs_siteconfig`  [ RunTime:0.0006s ]
INFO: [ view_parse ] --START--
INFO: [ template_filter ] --START--
INFO: Run Behavior\ContentReplaceBehavior [ RunTime:0.000085s ]
INFO: [ template_filter ] --END-- [ RunTime:0.000239s ]
NOTIC: [8] Undefined variable: grades D:\wamp\www\Grades\Application\Runtime\Cache\Home\2a94b8bda04ff446dcedd42276fc99ee.php 第 56 行.
INFO: Run Behavior\ParseTemplateBehavior [ RunTime:0.108161s ]
INFO: [ view_parse ] --END-- [ RunTime:0.108445s ]
INFO: [ view_filter ] --START--
INFO: Run Behavior\WriteHtmlCacheBehavior [ RunTime:0.033138s ]
INFO: [ view_filter ] --END-- [ RunTime:0.033472s ]
INFO: [ app_end ] --START--
INFO: Run Behavior\ShowPageTraceBehavior [ RunTime:0.010964s ]
INFO: [ app_end ] --END-- [ RunTime:0.011259s ]

