[ 2016-01-01T03:06:08+08:00 ] 127.0.0.1 /Grades/
INFO: [ app_init ] --START--
INFO: Run Behavior\BuildLiteBehavior [ RunTime:0.000000s ]
INFO: [ app_init ] --END-- [ RunTime:0.003000s ]
INFO: [ app_begin ] --START--
INFO: Run Behavior\ReadHtmlCacheBehavior [ RunTime:0.006000s ]
INFO: [ app_begin ] --END-- [ RunTime:0.006000s ]
NOTIC: [8] Use of undefined constant condition - assumed 'condition' D:\xampps\htdocs\Grades\Application\Home\Controller\IndexController.class.php ç¬¬ 6 è¡Œ.
ERR: SQLSTATE[HY000] [2002] ÓÉÓÚÄ¿±ê¼ÆËã»ú»ý¼«¾Ü¾ø£¬ÎÞ·¨Á¬½Ó¡£


[ 2016-01-01T03:07:06+08:00 ] 127.0.0.1 /Grades/
INFO: [ app_init ] --START--
INFO: Run Behavior\BuildLiteBehavior [ RunTime:0.000000s ]
INFO: [ app_init ] --END-- [ RunTime:0.001000s ]
INFO: [ app_begin ] --START--
INFO: Run Behavior\ReadHtmlCacheBehavior [ RunTime:0.001000s ]
INFO: [ app_begin ] --END-- [ RunTime:0.001000s ]
NOTIC: [8] Use of undefined constant condition - assumed 'condition' D:\xampps\htdocs\Grades\Application\Home\Controller\IndexController.class.php ç¬¬ 6 è¡Œ.
ERR: SQLSTATE[HY000] [2002] ÓÉÓÚÄ¿±ê¼ÆËã»ú»ý¼«¾Ü¾ø£¬ÎÞ·¨Á¬½Ó¡£


[ 2016-01-01T03:07:14+08:00 ] 127.0.0.1 /Grades/index.php
INFO: [ app_init ] --START--
INFO: Run Behavior\BuildLiteBehavior [ RunTime:0.000000s ]
INFO: [ app_init ] --END-- [ RunTime:0.001000s ]
INFO: [ app_begin ] --START--
INFO: Run Behavior\ReadHtmlCacheBehavior [ RunTime:0.001000s ]
INFO: [ app_begin ] --END-- [ RunTime:0.001000s ]
NOTIC: [8] Use of undefined constant condition - assumed 'condition' D:\xampps\htdocs\Grades\Application\Home\Controller\IndexController.class.php ç¬¬ 6 è¡Œ.
ERR: SQLSTATE[HY000] [2002] ÓÉÓÚÄ¿±ê¼ÆËã»ú»ý¼«¾Ü¾ø£¬ÎÞ·¨Á¬½Ó¡£


[ 2016-01-01T03:08:35+08:00 ] 127.0.0.1 /Grades/index.php
INFO: [ app_init ] --START--
INFO: Run Behavior\BuildLiteBehavior [ RunTime:0.000000s ]
INFO: [ app_init ] --END-- [ RunTime:0.001000s ]
INFO: [ app_begin ] --START--
INFO: Run Behavior\ReadHtmlCacheBehavior [ RunTime:0.001000s ]
INFO: [ app_begin ] --END-- [ RunTime:0.001000s ]
NOTIC: [8] Use of undefined constant condition - assumed 'condition' D:\xampps\htdocs\Grades\Application\Home\Controller\IndexController.class.php ç¬¬ 6 è¡Œ.
SQL: SHOW COLUMNS FROM `gs_siteconfig` [ RunTime:0.1390s ]
SQL: SELECT * FROM `gs_siteconfig`  [ RunTime:0.0050s ]
INFO: [ view_parse ] --START--
INFO: [ template_filter ] --START--
INFO: Run Behavior\ContentReplaceBehavior [ RunTime:0.000000s ]
INFO: [ template_filter ] --END-- [ RunTime:0.000000s ]
NOTIC: [8] Undefined variable: grades D:\xampps\htdocs\Grades\Application\Runtime\Cache\Home\2a94b8bda04ff446dcedd42276fc99ee.php ç¬¬ 56 è¡Œ.
INFO: Run Behavior\ParseTemplateBehavior [ RunTime:0.045002s ]
INFO: [ view_parse ] --END-- [ RunTime:0.045002s ]
INFO: [ view_filter ] --START--
INFO: Run Behavior\WriteHtmlCacheBehavior [ RunTime:0.022002s ]
INFO: [ view_filter ] --END-- [ RunTime:0.022002s ]
INFO: [ app_end ] --START--
INFO: Run Behavior\ShowPageTraceBehavior [ RunTime:0.011000s ]
INFO: [ app_end ] --END-- [ RunTime:0.011000s ]

[ 2016-01-01T03:09:00+08:00 ] 127.0.0.1 /Grades/index.php/Home/Index/index.html
INFO: [ app_init ] --START--
INFO: Run Behavior\BuildLiteBehavior [ RunTime:0.000000s ]
INFO: [ app_init ] --END-- [ RunTime:0.000000s ]
INFO: [ app_begin ] --START--
INFO: Run Behavior\ReadHtmlCacheBehavior [ RunTime:0.001000s ]
INFO: [ app_begin ] --END-- [ RunTime:0.001000s ]
NOTIC: [8] Use of undefined constant condition - assumed 'condition' D:\xampps\htdocs\Grades\Application\Home\Controller\IndexController.class.php ç¬¬ 6 è¡Œ.
SQL: SHOW COLUMNS FROM `gs_grades` [ RunTime:0.0590s ]
SQL: SELECT * FROM `gs_grades`  [ RunTime:0.0020s ]
SQL: SHOW COLUMNS FROM `gs_siteconfig` [ RunTime:0.0050s ]
SQL: SELECT * FROM `gs_siteconfig`  [ RunTime:0.0020s ]
INFO: [ view_parse ] --START--
INFO: [ template_filter ] --START--
INFO: Run Behavior\ContentReplaceBehavior [ RunTime:0.000000s ]
INFO: [ template_filter ] --END-- [ RunTime:0.000000s ]
SQL: SHOW COLUMNS FROM `gs_term` [ RunTime:0.0550s ]
SQL: SELECT * FROM `gs_term` WHERE `id` = 3 LIMIT 1   [ RunTime:0.0360s ]
SQL: SHOW COLUMNS FROM `gs_subject` [ RunTime:0.0460s ]
SQL: SELECT * FROM `gs_subject` WHERE `id` = 1 LIMIT 1   [ RunTime:0.0040s ]
SQL: SELECT * FROM `gs_term` WHERE `id` = 2 LIMIT 1   [ RunTime:0.0020s ]
SQL: SELECT * FROM `gs_subject` WHERE `id` = 1 LIMIT 1   [ RunTime:0.0040s ]
SQL: SELECT * FROM `gs_term` WHERE `id` = 2 LIMIT 1   [ RunTime:0.0030s ]
SQL: SELECT * FROM `gs_subject` WHERE `id` = 2 LIMIT 1   [ RunTime:0.0030s ]
SQL: SELECT * FROM `gs_term` WHERE `id` = 3 LIMIT 1   [ RunTime:0.0040s ]
SQL: SELECT * FROM `gs_subject` WHERE `id` = 1 LIMIT 1   [ RunTime:0.0030s ]
SQL: SELECT * FROM `gs_term` WHERE `id` = 2 LIMIT 1   [ RunTime:0.0040s ]
SQL: SELECT * FROM `gs_subject` WHERE `id` = 3 LIMIT 1   [ RunTime:0.0020s ]
SQL: SELECT * FROM `gs_term` WHERE `id` = 2 LIMIT 1   [ RunTime:0.0010s ]
SQL: SELECT * FROM `gs_subject` WHERE `id` = 1 LIMIT 1   [ RunTime:0.0050s ]
SQL: SELECT * FROM `gs_term` WHERE `id` = 2 LIMIT 1   [ RunTime:0.0030s ]
SQL: SELECT * FROM `gs_subject` WHERE `id` = 2 LIMIT 1   [ RunTime:0.0030s ]
SQL: SELECT * FROM `gs_term` WHERE `id` = 1 LIMIT 1   [ RunTime:0.0030s ]
SQL: SELECT * FROM `gs_subject` WHERE `id` = 1 LIMIT 1   [ RunTime:0.0040s ]
SQL: SELECT * FROM `gs_term` WHERE `id` = 1 LIMIT 1   [ RunTime:0.0040s ]
SQL: SELECT * FROM `gs_subject` WHERE `id` = 2 LIMIT 1   [ RunTime:0.0040s ]
SQL: SELECT * FROM `gs_term` WHERE `id` = 3 LIMIT 1   [ RunTime:0.0040s ]
SQL: SELECT * FROM `gs_subject` WHERE `id` = 2 LIMIT 1   [ RunTime:0.0050s ]
SQL: SELECT * FROM `gs_term` WHERE `id` = 3 LIMIT 1   [ RunTime:0.0030s ]
SQL: SELECT * FROM `gs_subject` WHERE `id` = 1 LIMIT 1   [ RunTime:0.0040s ]
SQL: SELECT * FROM `gs_term` WHERE `id` = 2 LIMIT 1   [ RunTime:0.0040s ]
SQL: SELECT * FROM `gs_subject` WHERE `id` = 1 LIMIT 1   [ RunTime:0.0040s ]
SQL: SELECT * FROM `gs_term` WHERE `id` = 3 LIMIT 1   [ RunTime:0.0070s ]
SQL: SELECT * FROM `gs_subject` WHERE `id` = 1 LIMIT 1   [ RunTime:0.0030s ]
SQL: SELECT * FROM `gs_term` WHERE `id` = 3 LIMIT 1   [ RunTime:0.0030s ]
SQL: SELECT * FROM `gs_subject` WHERE `id` = 1 LIMIT 1   [ RunTime:0.0030s ]
INFO: Run Behavior\ParseTemplateBehavior [ RunTime:0.249014s ]
INFO: [ view_parse ] --END-- [ RunTime:0.249014s ]
INFO: [ view_filter ] --START--
INFO: Run Behavior\WriteHtmlCacheBehavior [ RunTime:0.001000s ]
INFO: [ view_filter ] --END-- [ RunTime:0.001000s ]
INFO: [ app_end ] --START--
INFO: Run Behavior\ShowPageTraceBehavior [ RunTime:0.001000s ]
INFO: [ app_end ] --END-- [ RunTime:0.001000s ]

