[ 2016-04-12T01:04:44+08:00 ] ::1 /Grades/index.php/Admin/Student/index.html
INFO: [ app_init ] --START--
INFO: Run Behavior\BuildLiteBehavior [ RunTime:0.000062s ]
INFO: [ app_init ] --END-- [ RunTime:0.002831s ]
INFO: [ app_begin ] --START--
INFO: Run Behavior\ReadHtmlCacheBehavior [ RunTime:0.001099s ]
INFO: [ app_begin ] --END-- [ RunTime:0.001275s ]
SQL: SHOW COLUMNS FROM `gs_siteconfig` [ RunTime:0.0081s ]
SQL: SELECT * FROM `gs_siteconfig`  [ RunTime:0.0006s ]
SQL: SHOW COLUMNS FROM `gs_users` [ RunTime:0.0149s ]
SQL: SELECT * FROM `gs_users` WHERE `role` = 0  [ RunTime:0.0004s ]
SQL: SHOW COLUMNS FROM `gs_class` [ RunTime:0.0037s ]
SQL: SELECT * FROM `gs_class`  [ RunTime:0.0004s ]
INFO: [ view_parse ] --START--
INFO: [ template_filter ] --START--
INFO: Run Behavior\ContentReplaceBehavior [ RunTime:0.000132s ]
INFO: [ template_filter ] --END-- [ RunTime:0.000273s ]
SQL: SELECT * FROM `gs_class` WHERE `id` = 1 LIMIT 1   [ RunTime:0.0004s ]
SQL: SELECT * FROM `gs_class` WHERE `id` = 2 LIMIT 1   [ RunTime:0.0003s ]
SQL: SELECT * FROM `gs_class` WHERE `id` = 2 LIMIT 1   [ RunTime:0.0003s ]
SQL: SELECT * FROM `gs_class` WHERE `id` = 1 LIMIT 1   [ RunTime:0.0002s ]
INFO: Run Behavior\ParseTemplateBehavior [ RunTime:0.032186s ]
INFO: [ view_parse ] --END-- [ RunTime:0.032335s ]
INFO: [ view_filter ] --START--
INFO: Run Behavior\WriteHtmlCacheBehavior [ RunTime:0.000836s ]
INFO: [ view_filter ] --END-- [ RunTime:0.000956s ]
INFO: [ app_end ] --START--
INFO: Run Behavior\ShowPageTraceBehavior [ RunTime:0.000948s ]
INFO: [ app_end ] --END-- [ RunTime:0.001110s ]

[ 2016-04-12T01:04:47+08:00 ] ::1 /Grades/index.php/Admin/Student/edit/id/4.html
INFO: [ app_init ] --START--
INFO: Run Behavior\BuildLiteBehavior [ RunTime:0.000030s ]
INFO: [ app_init ] --END-- [ RunTime:0.000657s ]
INFO: [ app_begin ] --START--
INFO: Run Behavior\ReadHtmlCacheBehavior [ RunTime:0.002586s ]
INFO: [ app_begin ] --END-- [ RunTime:0.002934s ]
SQL: SHOW COLUMNS FROM `gs_siteconfig` [ RunTime:0.0484s ]
SQL: SELECT * FROM `gs_siteconfig`  [ RunTime:0.0004s ]
SQL: SHOW COLUMNS FROM `gs_users` [ RunTime:0.0537s ]
SQL: SELECT * FROM `gs_users` WHERE `id` = 4 LIMIT 1   [ RunTime:0.0005s ]
SQL: SHOW COLUMNS FROM `gs_class` [ RunTime:0.0085s ]
SQL: SELECT * FROM `gs_class`  [ RunTime:0.0003s ]
INFO: [ view_parse ] --START--
INFO: [ template_filter ] --START--
INFO: Run Behavior\ContentReplaceBehavior [ RunTime:0.000105s ]
INFO: [ template_filter ] --END-- [ RunTime:0.000270s ]
INFO: Run Behavior\ParseTemplateBehavior [ RunTime:0.045498s ]
INFO: [ view_parse ] --END-- [ RunTime:0.045720s ]
INFO: [ view_filter ] --START--
INFO: Run Behavior\WriteHtmlCacheBehavior [ RunTime:0.001014s ]
INFO: [ view_filter ] --END-- [ RunTime:0.001206s ]
INFO: [ app_end ] --START--
INFO: Run Behavior\ShowPageTraceBehavior [ RunTime:0.001357s ]
INFO: [ app_end ] --END-- [ RunTime:0.001518s ]

[ 2016-04-12T01:04:51+08:00 ] ::1 /Grades/index.php/Admin/Student/index.html
INFO: [ app_init ] --START--
INFO: Run Behavior\BuildLiteBehavior [ RunTime:0.000036s ]
INFO: [ app_init ] --END-- [ RunTime:0.000653s ]
INFO: [ app_begin ] --START--
INFO: Run Behavior\ReadHtmlCacheBehavior [ RunTime:0.001000s ]
INFO: [ app_begin ] --END-- [ RunTime:0.001178s ]
SQL: SHOW COLUMNS FROM `gs_siteconfig` [ RunTime:0.0234s ]
SQL: SELECT * FROM `gs_siteconfig`  [ RunTime:0.0004s ]
SQL: SHOW COLUMNS FROM `gs_users` [ RunTime:0.0051s ]
SQL: SELECT * FROM `gs_users` WHERE `role` = 0  [ RunTime:0.0004s ]
SQL: SHOW COLUMNS FROM `gs_class` [ RunTime:0.0052s ]
SQL: SELECT * FROM `gs_class`  [ RunTime:0.0003s ]
INFO: [ view_parse ] --START--
INFO: [ template_filter ] --START--
INFO: Run Behavior\ContentReplaceBehavior [ RunTime:0.000128s ]
INFO: [ template_filter ] --END-- [ RunTime:0.000289s ]
SQL: SELECT * FROM `gs_class` WHERE `id` = 1 LIMIT 1   [ RunTime:0.0003s ]
SQL: SELECT * FROM `gs_class` WHERE `id` = 2 LIMIT 1   [ RunTime:0.0003s ]
SQL: SELECT * FROM `gs_class` WHERE `id` = 2 LIMIT 1   [ RunTime:0.0004s ]
SQL: SELECT * FROM `gs_class` WHERE `id` = 1 LIMIT 1   [ RunTime:0.0009s ]
INFO: Run Behavior\ParseTemplateBehavior [ RunTime:0.030542s ]
INFO: [ view_parse ] --END-- [ RunTime:0.030719s ]
INFO: [ view_filter ] --START--
INFO: Run Behavior\WriteHtmlCacheBehavior [ RunTime:0.001045s ]
INFO: [ view_filter ] --END-- [ RunTime:0.001232s ]
INFO: [ app_end ] --START--
INFO: Run Behavior\ShowPageTraceBehavior [ RunTime:0.001005s ]
INFO: [ app_end ] --END-- [ RunTime:0.001126s ]

[ 2016-04-12T01:04:54+08:00 ] ::1 /Grades/index.php/Admin/Student/edit/id/6.html
INFO: [ app_init ] --START--
INFO: Run Behavior\BuildLiteBehavior [ RunTime:0.000060s ]
INFO: [ app_init ] --END-- [ RunTime:0.000959s ]
INFO: [ app_begin ] --START--
INFO: Run Behavior\ReadHtmlCacheBehavior [ RunTime:0.002224s ]
INFO: [ app_begin ] --END-- [ RunTime:0.002520s ]
SQL: SHOW COLUMNS FROM `gs_siteconfig` [ RunTime:0.0042s ]
SQL: SELECT * FROM `gs_siteconfig`  [ RunTime:0.0003s ]
SQL: SHOW COLUMNS FROM `gs_users` [ RunTime:0.0065s ]
SQL: SELECT * FROM `gs_users` WHERE `id` = 6 LIMIT 1   [ RunTime:0.0003s ]
SQL: SHOW COLUMNS FROM `gs_class` [ RunTime:0.0046s ]
SQL: SELECT * FROM `gs_class`  [ RunTime:0.0003s ]
INFO: [ view_parse ] --START--
INFO: [ template_filter ] --START--
INFO: Run Behavior\ContentReplaceBehavior [ RunTime:0.000322s ]
INFO: [ template_filter ] --END-- [ RunTime:0.000806s ]
INFO: Run Behavior\ParseTemplateBehavior [ RunTime:0.029139s ]
INFO: [ view_parse ] --END-- [ RunTime:0.029301s ]
INFO: [ view_filter ] --START--
INFO: Run Behavior\WriteHtmlCacheBehavior [ RunTime:0.000895s ]
INFO: [ view_filter ] --END-- [ RunTime:0.001042s ]
INFO: [ app_end ] --START--
INFO: Run Behavior\ShowPageTraceBehavior [ RunTime:0.001183s ]
INFO: [ app_end ] --END-- [ RunTime:0.001340s ]

[ 2016-04-12T01:05:25+08:00 ] ::1 /Grades/index.php/Admin/Student/edit/id/6.html
INFO: [ app_init ] --START--
INFO: Run Behavior\BuildLiteBehavior [ RunTime:0.000031s ]
INFO: [ app_init ] --END-- [ RunTime:0.000575s ]
INFO: [ app_begin ] --START--
INFO: Run Behavior\ReadHtmlCacheBehavior [ RunTime:0.000961s ]
INFO: [ app_begin ] --END-- [ RunTime:0.001123s ]
SQL: SHOW COLUMNS FROM `gs_siteconfig` [ RunTime:0.0051s ]
SQL: SELECT * FROM `gs_siteconfig`  [ RunTime:0.0007s ]
SQL: SHOW COLUMNS FROM `gs_users` [ RunTime:0.0053s ]
SQL: SELECT * FROM `gs_users` WHERE `id` = 6 LIMIT 1   [ RunTime:0.0004s ]
SQL: SHOW COLUMNS FROM `gs_class` [ RunTime:0.0039s ]
SQL: SELECT * FROM `gs_class`  [ RunTime:0.0003s ]
INFO: [ view_parse ] --START--
INFO: [ template_filter ] --START--
INFO: Run Behavior\ContentReplaceBehavior [ RunTime:0.000099s ]
INFO: [ template_filter ] --END-- [ RunTime:0.000240s ]
INFO: Run Behavior\ParseTemplateBehavior [ RunTime:0.024887s ]
INFO: [ view_parse ] --END-- [ RunTime:0.025034s ]
INFO: [ view_filter ] --START--
INFO: Run Behavior\WriteHtmlCacheBehavior [ RunTime:0.000914s ]
INFO: [ view_filter ] --END-- [ RunTime:0.001034s ]
INFO: [ app_end ] --START--
INFO: Run Behavior\ShowPageTraceBehavior [ RunTime:0.000964s ]
INFO: [ app_end ] --END-- [ RunTime:0.001087s ]

[ 2016-04-12T01:05:26+08:00 ] ::1 /Grades/index.php/Admin/Student/index.html
INFO: [ app_init ] --START--
INFO: Run Behavior\BuildLiteBehavior [ RunTime:0.000030s ]
INFO: [ app_init ] --END-- [ RunTime:0.000594s ]
INFO: [ app_begin ] --START--
INFO: Run Behavior\ReadHtmlCacheBehavior [ RunTime:0.001091s ]
INFO: [ app_begin ] --END-- [ RunTime:0.001279s ]
SQL: SHOW COLUMNS FROM `gs_siteconfig` [ RunTime:0.0059s ]
SQL: SELECT * FROM `gs_siteconfig`  [ RunTime:0.0003s ]
SQL: SHOW COLUMNS FROM `gs_users` [ RunTime:0.0042s ]
SQL: SELECT * FROM `gs_users` WHERE `role` = 0  [ RunTime:0.0004s ]
SQL: SHOW COLUMNS FROM `gs_class` [ RunTime:0.0068s ]
SQL: SELECT * FROM `gs_class`  [ RunTime:0.0003s ]
INFO: [ view_parse ] --START--
INFO: [ template_filter ] --START--
INFO: Run Behavior\ContentReplaceBehavior [ RunTime:0.000108s ]
INFO: [ template_filter ] --END-- [ RunTime:0.000249s ]
SQL: SELECT * FROM `gs_class` WHERE `id` = 1 LIMIT 1   [ RunTime:0.0004s ]
SQL: SELECT * FROM `gs_class` WHERE `id` = 2 LIMIT 1   [ RunTime:0.0003s ]
SQL: SELECT * FROM `gs_class` WHERE `id` = 2 LIMIT 1   [ RunTime:0.0008s ]
SQL: SELECT * FROM `gs_class` WHERE `id` = 1 LIMIT 1   [ RunTime:0.0009s ]
INFO: Run Behavior\ParseTemplateBehavior [ RunTime:0.031447s ]
INFO: [ view_parse ] --END-- [ RunTime:0.031588s ]
INFO: [ view_filter ] --START--
INFO: Run Behavior\WriteHtmlCacheBehavior [ RunTime:0.000998s ]
INFO: [ view_filter ] --END-- [ RunTime:0.001129s ]
INFO: [ app_end ] --START--
INFO: Run Behavior\ShowPageTraceBehavior [ RunTime:0.001018s ]
INFO: [ app_end ] --END-- [ RunTime:0.001141s ]

[ 2016-04-12T01:05:29+08:00 ] ::1 /Grades/index.php/Admin/Student/edit/id/6.html
INFO: [ app_init ] --START--
INFO: Run Behavior\BuildLiteBehavior [ RunTime:0.000079s ]
INFO: [ app_init ] --END-- [ RunTime:0.003149s ]
INFO: [ app_begin ] --START--
INFO: Run Behavior\ReadHtmlCacheBehavior [ RunTime:0.001017s ]
INFO: [ app_begin ] --END-- [ RunTime:0.001179s ]
SQL: SHOW COLUMNS FROM `gs_siteconfig` [ RunTime:0.0664s ]
SQL: SELECT * FROM `gs_siteconfig`  [ RunTime:0.0004s ]
SQL: SHOW COLUMNS FROM `gs_users` [ RunTime:0.0068s ]
SQL: SELECT * FROM `gs_users` WHERE `id` = 6 LIMIT 1   [ RunTime:0.0005s ]
SQL: SHOW COLUMNS FROM `gs_class` [ RunTime:0.0053s ]
SQL: SELECT * FROM `gs_class`  [ RunTime:0.0003s ]
INFO: [ view_parse ] --START--
INFO: [ template_filter ] --START--
INFO: Run Behavior\ContentReplaceBehavior [ RunTime:0.000145s ]
INFO: [ template_filter ] --END-- [ RunTime:0.000362s ]
INFO: Run Behavior\ParseTemplateBehavior [ RunTime:0.028613s ]
INFO: [ view_parse ] --END-- [ RunTime:0.028783s ]
INFO: [ view_filter ] --START--
INFO: Run Behavior\WriteHtmlCacheBehavior [ RunTime:0.001039s ]
INFO: [ view_filter ] --END-- [ RunTime:0.001257s ]
INFO: [ app_end ] --START--
INFO: Run Behavior\ShowPageTraceBehavior [ RunTime:0.001013s ]
INFO: [ app_end ] --END-- [ RunTime:0.001153s ]

[ 2016-04-12T01:21:51+08:00 ] ::1 /Grades/index.php/Admin/Public/passwd.html
INFO: [ app_init ] --START--
INFO: Run Behavior\BuildLiteBehavior [ RunTime:0.000048s ]
INFO: [ app_init ] --END-- [ RunTime:0.000917s ]
INFO: [ app_begin ] --START--
INFO: Run Behavior\ReadHtmlCacheBehavior [ RunTime:0.001013s ]
INFO: [ app_begin ] --END-- [ RunTime:0.001174s ]
INFO: [ view_parse ] --START--
INFO: [ template_filter ] --START--
INFO: Run Behavior\ContentReplaceBehavior [ RunTime:0.000087s ]
INFO: [ template_filter ] --END-- [ RunTime:0.000230s ]
INFO: Run Behavior\ParseTemplateBehavior [ RunTime:0.054700s ]
INFO: [ view_parse ] --END-- [ RunTime:0.054862s ]
INFO: [ view_filter ] --START--
INFO: Run Behavior\WriteHtmlCacheBehavior [ RunTime:0.000943s ]
INFO: [ view_filter ] --END-- [ RunTime:0.001084s ]
INFO: [ app_end ] --START--
INFO: Run Behavior\ShowPageTraceBehavior [ RunTime:0.001101s ]
INFO: [ app_end ] --END-- [ RunTime:0.001247s ]

[ 2016-04-12T12:09:36+08:00 ] ::1 /Grades/index.php/Admin/Index/index.html
INFO: [ app_init ] --START--
INFO: Run Behavior\BuildLiteBehavior [ RunTime:0.000030s ]
INFO: [ app_init ] --END-- [ RunTime:0.000502s ]
INFO: [ app_begin ] --START--
INFO: Run Behavior\ReadHtmlCacheBehavior [ RunTime:0.000618s ]
INFO: [ app_begin ] --END-- [ RunTime:0.000776s ]

[ 2016-04-12T12:09:36+08:00 ] ::1 /Grades/index.php/Admin/Public/login.html
INFO: [ app_init ] --START--
INFO: Run Behavior\BuildLiteBehavior [ RunTime:0.000031s ]
INFO: [ app_init ] --END-- [ RunTime:0.000498s ]
INFO: [ app_begin ] --START--
INFO: Run Behavior\ReadHtmlCacheBehavior [ RunTime:0.000634s ]
INFO: [ app_begin ] --END-- [ RunTime:0.000802s ]
INFO: [ view_parse ] --START--
INFO: [ template_filter ] --START--
INFO: Run Behavior\ContentReplaceBehavior [ RunTime:0.000070s ]
INFO: [ template_filter ] --END-- [ RunTime:0.000243s ]
INFO: Run Behavior\ParseTemplateBehavior [ RunTime:0.031735s ]
INFO: [ view_parse ] --END-- [ RunTime:0.031923s ]
INFO: [ view_filter ] --START--
INFO: Run Behavior\WriteHtmlCacheBehavior [ RunTime:0.000378s ]
INFO: [ view_filter ] --END-- [ RunTime:0.000537s ]
INFO: [ app_end ] --START--
INFO: Run Behavior\ShowPageTraceBehavior [ RunTime:0.000696s ]
INFO: [ app_end ] --END-- [ RunTime:0.000859s ]

[ 2016-04-12T12:09:39+08:00 ] ::1 /Grades/index.php/Admin/Public/login.html
INFO: [ app_init ] --START--
INFO: Run Behavior\BuildLiteBehavior [ RunTime:0.000057s ]
INFO: [ app_init ] --END-- [ RunTime:0.000715s ]
INFO: [ app_begin ] --START--
INFO: Run Behavior\ReadHtmlCacheBehavior [ RunTime:0.000597s ]
INFO: [ app_begin ] --END-- [ RunTime:0.000776s ]
SQL: SHOW COLUMNS FROM `gs_users` [ RunTime:0.0694s ]
SQL: SELECT * FROM `gs_users` WHERE `username` = 'admin' AND `password` = 'e10adc3949ba59abbe56e057f20f883e' LIMIT 1   [ RunTime:0.0325s ]
INFO: [ view_parse ] --START--
INFO: [ template_filter ] --START--
INFO: Run Behavior\ContentReplaceBehavior [ RunTime:0.000065s ]
INFO: [ template_filter ] --END-- [ RunTime:0.000214s ]
INFO: Run Behavior\ParseTemplateBehavior [ RunTime:0.016215s ]
INFO: [ view_parse ] --END-- [ RunTime:0.016398s ]
INFO: [ view_filter ] --START--
INFO: Run Behavior\WriteHtmlCacheBehavior [ RunTime:0.000352s ]
INFO: [ view_filter ] --END-- [ RunTime:0.000486s ]

[ 2016-04-12T12:09:42+08:00 ] ::1 /Grades/index.php/Admin/Public/login.html
INFO: [ app_init ] --START--
INFO: Run Behavior\BuildLiteBehavior [ RunTime:0.000055s ]
INFO: [ app_init ] --END-- [ RunTime:0.000803s ]
INFO: [ app_begin ] --START--
INFO: Run Behavior\ReadHtmlCacheBehavior [ RunTime:0.000613s ]
INFO: [ app_begin ] --END-- [ RunTime:0.000767s ]
INFO: [ view_parse ] --START--
INFO: [ template_filter ] --START--
INFO: Run Behavior\ContentReplaceBehavior [ RunTime:0.000077s ]
INFO: [ template_filter ] --END-- [ RunTime:0.000227s ]
INFO: Run Behavior\ParseTemplateBehavior [ RunTime:0.007426s ]
INFO: [ view_parse ] --END-- [ RunTime:0.007574s ]
INFO: [ view_filter ] --START--
INFO: Run Behavior\WriteHtmlCacheBehavior [ RunTime:0.000291s ]
INFO: [ view_filter ] --END-- [ RunTime:0.000422s ]
INFO: [ app_end ] --START--
INFO: Run Behavior\ShowPageTraceBehavior [ RunTime:0.000702s ]
INFO: [ app_end ] --END-- [ RunTime:0.000827s ]

[ 2016-04-12T12:09:48+08:00 ] ::1 /Grades/index.php/Admin/Public/login.html
INFO: [ app_init ] --START--
INFO: Run Behavior\BuildLiteBehavior [ RunTime:0.000036s ]
INFO: [ app_init ] --END-- [ RunTime:0.000561s ]
INFO: [ app_begin ] --START--
INFO: Run Behavior\ReadHtmlCacheBehavior [ RunTime:0.000740s ]
INFO: [ app_begin ] --END-- [ RunTime:0.000920s ]
SQL: SHOW COLUMNS FROM `gs_users` [ RunTime:0.0332s ]
SQL: SELECT * FROM `gs_users` WHERE `username` = 'Serene' AND `password` = 'e10adc3949ba59abbe56e057f20f883e' LIMIT 1   [ RunTime:0.0004s ]
INFO: [ view_parse ] --START--
INFO: [ template_filter ] --START--
INFO: Run Behavior\ContentReplaceBehavior [ RunTime:0.000101s ]
INFO: [ template_filter ] --END-- [ RunTime:0.000328s ]
INFO: Run Behavior\ParseTemplateBehavior [ RunTime:0.007570s ]
INFO: [ view_parse ] --END-- [ RunTime:0.007737s ]
INFO: [ view_filter ] --START--
INFO: Run Behavior\WriteHtmlCacheBehavior [ RunTime:0.000440s ]
INFO: [ view_filter ] --END-- [ RunTime:0.000619s ]

[ 2016-04-12T12:09:52+08:00 ] ::1 /Grades/index.php/Admin/Public/login.html
INFO: [ app_init ] --START--
INFO: Run Behavior\BuildLiteBehavior [ RunTime:0.000061s ]
INFO: [ app_init ] --END-- [ RunTime:0.001004s ]
INFO: [ app_begin ] --START--
INFO: Run Behavior\ReadHtmlCacheBehavior [ RunTime:0.001099s ]
INFO: [ app_begin ] --END-- [ RunTime:0.001360s ]
INFO: [ view_parse ] --START--
INFO: [ template_filter ] --START--
INFO: Run Behavior\ContentReplaceBehavior [ RunTime:0.000085s ]
INFO: [ template_filter ] --END-- [ RunTime:0.000243s ]
INFO: Run Behavior\ParseTemplateBehavior [ RunTime:0.008206s ]
INFO: [ view_parse ] --END-- [ RunTime:0.008356s ]
INFO: [ view_filter ] --START--
INFO: Run Behavior\WriteHtmlCacheBehavior [ RunTime:0.000334s ]
INFO: [ view_filter ] --END-- [ RunTime:0.000453s ]
INFO: [ app_end ] --START--
INFO: Run Behavior\ShowPageTraceBehavior [ RunTime:0.000557s ]
INFO: [ app_end ] --END-- [ RunTime:0.000709s ]

[ 2016-04-12T12:09:58+08:00 ] ::1 /Grades/index.php/Admin/Public/login.html
INFO: [ app_init ] --START--
INFO: Run Behavior\BuildLiteBehavior [ RunTime:0.000030s ]
INFO: [ app_init ] --END-- [ RunTime:0.000506s ]
INFO: [ app_begin ] --START--
INFO: Run Behavior\ReadHtmlCacheBehavior [ RunTime:0.000594s ]
INFO: [ app_begin ] --END-- [ RunTime:0.000759s ]
SQL: SHOW COLUMNS FROM `gs_users` [ RunTime:0.0261s ]
SQL: SELECT * FROM `gs_users` WHERE `username` = 'Serene' AND `password` = '1c4221556dd4d010aebaf26bac03e47e' LIMIT 1   [ RunTime:0.0005s ]
INFO: [ view_parse ] --START--
INFO: [ template_filter ] --START--
INFO: Run Behavior\ContentReplaceBehavior [ RunTime:0.000076s ]
INFO: [ template_filter ] --END-- [ RunTime:0.000232s ]
INFO: Run Behavior\ParseTemplateBehavior [ RunTime:0.007399s ]
INFO: [ view_parse ] --END-- [ RunTime:0.007600s ]
INFO: [ view_filter ] --START--
INFO: Run Behavior\WriteHtmlCacheBehavior [ RunTime:0.000294s ]
INFO: [ view_filter ] --END-- [ RunTime:0.000479s ]

[ 2016-04-12T12:10:01+08:00 ] ::1 /Grades/index.php/Admin/Public/login.html
INFO: [ app_init ] --START--
INFO: Run Behavior\BuildLiteBehavior [ RunTime:0.000030s ]
INFO: [ app_init ] --END-- [ RunTime:0.000473s ]
INFO: [ app_begin ] --START--
INFO: Run Behavior\ReadHtmlCacheBehavior [ RunTime:0.000627s ]
INFO: [ app_begin ] --END-- [ RunTime:0.000772s ]
INFO: [ view_parse ] --START--
INFO: [ template_filter ] --START--
INFO: Run Behavior\ContentReplaceBehavior [ RunTime:0.000071s ]
INFO: [ template_filter ] --END-- [ RunTime:0.000210s ]
INFO: Run Behavior\ParseTemplateBehavior [ RunTime:0.007856s ]
INFO: [ view_parse ] --END-- [ RunTime:0.008004s ]
INFO: [ view_filter ] --START--
INFO: Run Behavior\WriteHtmlCacheBehavior [ RunTime:0.000330s ]
INFO: [ view_filter ] --END-- [ RunTime:0.000449s ]
INFO: [ app_end ] --START--
INFO: Run Behavior\ShowPageTraceBehavior [ RunTime:0.000653s ]
INFO: [ app_end ] --END-- [ RunTime:0.000777s ]

[ 2016-04-12T12:10:06+08:00 ] ::1 /Grades/index.php/Admin/Public/login.html
INFO: [ app_init ] --START--
INFO: Run Behavior\BuildLiteBehavior [ RunTime:0.000030s ]
INFO: [ app_init ] --END-- [ RunTime:0.000488s ]
INFO: [ app_begin ] --START--
INFO: Run Behavior\ReadHtmlCacheBehavior [ RunTime:0.000558s ]
INFO: [ app_begin ] --END-- [ RunTime:0.000732s ]
SQL: SHOW COLUMNS FROM `gs_users` [ RunTime:0.0448s ]
SQL: SELECT * FROM `gs_users` WHERE `username` = 'Serene' AND `password` = '50fe7c4aa4808a68d67a9890b5920600' LIMIT 1   [ RunTime:0.0005s ]

[ 2016-04-12T12:10:06+08:00 ] ::1 /Grades/index.php/Admin/Index/index.html
INFO: [ app_init ] --START--
INFO: Run Behavior\BuildLiteBehavior [ RunTime:0.000049s ]
INFO: [ app_init ] --END-- [ RunTime:0.000500s ]
INFO: [ app_begin ] --START--
INFO: Run Behavior\ReadHtmlCacheBehavior [ RunTime:0.000581s ]
INFO: [ app_begin ] --END-- [ RunTime:0.000720s ]
SQL: SHOW COLUMNS FROM `gs_siteconfig` [ RunTime:0.0039s ]
SQL: SELECT * FROM `gs_siteconfig`  [ RunTime:0.0003s ]
INFO: [ view_parse ] --START--
INFO: [ template_filter ] --START--
INFO: Run Behavior\ContentReplaceBehavior [ RunTime:0.000086s ]
INFO: [ template_filter ] --END-- [ RunTime:0.000229s ]
INFO: Run Behavior\ParseTemplateBehavior [ RunTime:0.101368s ]
INFO: [ view_parse ] --END-- [ RunTime:0.101542s ]
INFO: [ view_filter ] --START--
INFO: Run Behavior\WriteHtmlCacheBehavior [ RunTime:0.000340s ]
INFO: [ view_filter ] --END-- [ RunTime:0.000471s ]
INFO: [ app_end ] --START--
INFO: Run Behavior\ShowPageTraceBehavior [ RunTime:0.000559s ]
INFO: [ app_end ] --END-- [ RunTime:0.000680s ]

[ 2016-04-12T12:10:12+08:00 ] ::1 /Grades/index.php/Admin/Public/passwd.html
INFO: [ app_init ] --START--
INFO: Run Behavior\BuildLiteBehavior [ RunTime:0.000047s ]
INFO: [ app_init ] --END-- [ RunTime:0.001014s ]
INFO: [ app_begin ] --START--
INFO: Run Behavior\ReadHtmlCacheBehavior [ RunTime:0.000616s ]
INFO: [ app_begin ] --END-- [ RunTime:0.000776s ]
INFO: [ view_parse ] --START--
INFO: [ template_filter ] --START--
INFO: Run Behavior\ContentReplaceBehavior [ RunTime:0.000109s ]
INFO: [ template_filter ] --END-- [ RunTime:0.000279s ]
INFO: Run Behavior\ParseTemplateBehavior [ RunTime:0.040607s ]
INFO: [ view_parse ] --END-- [ RunTime:0.040757s ]
INFO: [ view_filter ] --START--
INFO: Run Behavior\WriteHtmlCacheBehavior [ RunTime:0.000352s ]
INFO: [ view_filter ] --END-- [ RunTime:0.000471s ]
INFO: [ app_end ] --START--
INFO: Run Behavior\ShowPageTraceBehavior [ RunTime:0.000613s ]
INFO: [ app_end ] --END-- [ RunTime:0.000735s ]

[ 2016-04-12T12:10:24+08:00 ] ::1 /Grades/index.php/Admin/Public/passwd.html
INFO: [ app_init ] --START--
INFO: Run Behavior\BuildLiteBehavior [ RunTime:0.000041s ]
INFO: [ app_init ] --END-- [ RunTime:0.002717s ]
INFO: [ app_begin ] --START--
INFO: Run Behavior\ReadHtmlCacheBehavior [ RunTime:0.000815s ]
INFO: [ app_begin ] --END-- [ RunTime:0.000956s ]
SQL: SHOW COLUMNS FROM `gs_users` [ RunTime:0.0504s ]
SQL: SELECT * FROM `gs_users` WHERE `username` = 'admin' LIMIT 1   [ RunTime:0.0004s ]
INFO: [ view_parse ] --START--
INFO: [ template_filter ] --START--
INFO: Run Behavior\ContentReplaceBehavior [ RunTime:0.000075s ]
INFO: [ template_filter ] --END-- [ RunTime:0.000371s ]
INFO: Run Behavior\ParseTemplateBehavior [ RunTime:0.012653s ]
INFO: [ view_parse ] --END-- [ RunTime:0.012819s ]
INFO: [ view_filter ] --START--
INFO: Run Behavior\WriteHtmlCacheBehavior [ RunTime:0.000497s ]
INFO: [ view_filter ] --END-- [ RunTime:0.000626s ]

[ 2016-04-12T12:10:27+08:00 ] ::1 /Grades/index.php/Admin/Public/passwd.html
INFO: [ app_init ] --START--
INFO: Run Behavior\BuildLiteBehavior [ RunTime:0.000051s ]
INFO: [ app_init ] --END-- [ RunTime:0.000838s ]
INFO: [ app_begin ] --START--
INFO: Run Behavior\ReadHtmlCacheBehavior [ RunTime:0.000937s ]
INFO: [ app_begin ] --END-- [ RunTime:0.001172s ]
INFO: [ view_parse ] --START--
INFO: [ template_filter ] --START--
INFO: Run Behavior\ContentReplaceBehavior [ RunTime:0.000115s ]
INFO: [ template_filter ] --END-- [ RunTime:0.000250s ]
INFO: Run Behavior\ParseTemplateBehavior [ RunTime:0.017913s ]
INFO: [ view_parse ] --END-- [ RunTime:0.018109s ]
INFO: [ view_filter ] --START--
INFO: Run Behavior\WriteHtmlCacheBehavior [ RunTime:0.000359s ]
INFO: [ view_filter ] --END-- [ RunTime:0.000480s ]
INFO: [ app_end ] --START--
INFO: Run Behavior\ShowPageTraceBehavior [ RunTime:0.000754s ]
INFO: [ app_end ] --END-- [ RunTime:0.000893s ]

[ 2016-04-12T12:10:38+08:00 ] ::1 /Grades/index.php/Admin/Public/passwd.html
INFO: [ app_init ] --START--
INFO: Run Behavior\BuildLiteBehavior [ RunTime:0.000063s ]
INFO: [ app_init ] --END-- [ RunTime:0.001646s ]
INFO: [ app_begin ] --START--
INFO: Run Behavior\ReadHtmlCacheBehavior [ RunTime:0.000619s ]
INFO: [ app_begin ] --END-- [ RunTime:0.000817s ]
SQL: SHOW COLUMNS FROM `gs_users` [ RunTime:0.0096s ]
SQL: SELECT * FROM `gs_users` WHERE `username` = 'admin' LIMIT 1   [ RunTime:0.0003s ]
INFO: [ view_parse ] --START--
INFO: [ template_filter ] --START--
INFO: Run Behavior\ContentReplaceBehavior [ RunTime:0.000138s ]
INFO: [ template_filter ] --END-- [ RunTime:0.000505s ]
INFO: Run Behavior\ParseTemplateBehavior [ RunTime:0.010990s ]
INFO: [ view_parse ] --END-- [ RunTime:0.011169s ]
INFO: [ view_filter ] --START--
INFO: Run Behavior\WriteHtmlCacheBehavior [ RunTime:0.000330s ]
INFO: [ view_filter ] --END-- [ RunTime:0.000479s ]

[ 2016-04-12T12:10:41+08:00 ] ::1 /Grades/index.php/Admin/Public/passwd.html
INFO: [ app_init ] --START--
INFO: Run Behavior\BuildLiteBehavior [ RunTime:0.000059s ]
INFO: [ app_init ] --END-- [ RunTime:0.001087s ]
INFO: [ app_begin ] --START--
INFO: Run Behavior\ReadHtmlCacheBehavior [ RunTime:0.000923s ]
INFO: [ app_begin ] --END-- [ RunTime:0.001170s ]
INFO: [ view_parse ] --START--
INFO: [ template_filter ] --START--
INFO: Run Behavior\ContentReplaceBehavior [ RunTime:0.000158s ]
INFO: [ template_filter ] --END-- [ RunTime:0.000337s ]
INFO: Run Behavior\ParseTemplateBehavior [ RunTime:0.013158s ]
INFO: [ view_parse ] --END-- [ RunTime:0.013320s ]
INFO: [ view_filter ] --START--
INFO: Run Behavior\WriteHtmlCacheBehavior [ RunTime:0.000481s ]
INFO: [ view_filter ] --END-- [ RunTime:0.000768s ]
INFO: [ app_end ] --START--
INFO: Run Behavior\ShowPageTraceBehavior [ RunTime:0.000645s ]
INFO: [ app_end ] --END-- [ RunTime:0.000794s ]

[ 2016-04-12T12:12:26+08:00 ] ::1 /Grades/index.php/Admin/Public/logout.html
INFO: [ app_init ] --START--
INFO: Run Behavior\BuildLiteBehavior [ RunTime:0.000036s ]
INFO: [ app_init ] --END-- [ RunTime:0.000943s ]
INFO: [ app_begin ] --START--
INFO: Run Behavior\ReadHtmlCacheBehavior [ RunTime:0.002135s ]
INFO: [ app_begin ] --END-- [ RunTime:0.002319s ]
INFO: [ view_parse ] --START--
INFO: [ template_filter ] --START--
INFO: Run Behavior\ContentReplaceBehavior [ RunTime:0.000070s ]
INFO: [ template_filter ] --END-- [ RunTime:0.000259s ]
INFO: Run Behavior\ParseTemplateBehavior [ RunTime:0.013069s ]
INFO: [ view_parse ] --END-- [ RunTime:0.013256s ]
INFO: [ view_filter ] --START--
INFO: Run Behavior\WriteHtmlCacheBehavior [ RunTime:0.001663s ]
INFO: [ view_filter ] --END-- [ RunTime:0.001814s ]
INFO: [ app_end ] --START--
INFO: Run Behavior\ShowPageTraceBehavior [ RunTime:0.001902s ]
INFO: [ app_end ] --END-- [ RunTime:0.002027s ]

[ 2016-04-12T12:12:29+08:00 ] ::1 /Grades/index.php/Admin/Index/index.html
INFO: [ app_init ] --START--
INFO: Run Behavior\BuildLiteBehavior [ RunTime:0.000035s ]
INFO: [ app_init ] --END-- [ RunTime:0.000857s ]
INFO: [ app_begin ] --START--
INFO: Run Behavior\ReadHtmlCacheBehavior [ RunTime:0.001829s ]
INFO: [ app_begin ] --END-- [ RunTime:0.001987s ]

[ 2016-04-12T12:12:29+08:00 ] ::1 /Grades/index.php/Admin/Public/login.html
INFO: [ app_init ] --START--
INFO: Run Behavior\BuildLiteBehavior [ RunTime:0.000035s ]
INFO: [ app_init ] --END-- [ RunTime:0.000794s ]
INFO: [ app_begin ] --START--
INFO: Run Behavior\ReadHtmlCacheBehavior [ RunTime:0.001717s ]
INFO: [ app_begin ] --END-- [ RunTime:0.001882s ]
INFO: [ view_parse ] --START--
INFO: [ template_filter ] --START--
INFO: Run Behavior\ContentReplaceBehavior [ RunTime:0.000093s ]
INFO: [ template_filter ] --END-- [ RunTime:0.000257s ]
INFO: Run Behavior\ParseTemplateBehavior [ RunTime:0.012393s ]
INFO: [ view_parse ] --END-- [ RunTime:0.012572s ]
INFO: [ view_filter ] --START--
INFO: Run Behavior\WriteHtmlCacheBehavior [ RunTime:0.001498s ]
INFO: [ view_filter ] --END-- [ RunTime:0.001618s ]
INFO: [ app_end ] --START--
INFO: Run Behavior\ShowPageTraceBehavior [ RunTime:0.001989s ]
INFO: [ app_end ] --END-- [ RunTime:0.002142s ]

[ 2016-04-12T12:12:34+08:00 ] ::1 /Grades/index.php/Admin/Public/login.html
INFO: [ app_init ] --START--
INFO: Run Behavior\BuildLiteBehavior [ RunTime:0.000036s ]
INFO: [ app_init ] --END-- [ RunTime:0.000836s ]
INFO: [ app_begin ] --START--
INFO: Run Behavior\ReadHtmlCacheBehavior [ RunTime:0.002127s ]
INFO: [ app_begin ] --END-- [ RunTime:0.002318s ]
SQL: SHOW COLUMNS FROM `gs_users` [ RunTime:0.0308s ]
SQL: SELECT * FROM `gs_users` WHERE `username` = 'admin' AND `password` = '202cb962ac59075b964b07152d234b70' LIMIT 1   [ RunTime:0.0004s ]

[ 2016-04-12T12:12:34+08:00 ] ::1 /Grades/index.php/Admin/Index/index.html
INFO: [ app_init ] --START--
INFO: Run Behavior\BuildLiteBehavior [ RunTime:0.000035s ]
INFO: [ app_init ] --END-- [ RunTime:0.000784s ]
INFO: [ app_begin ] --START--
INFO: Run Behavior\ReadHtmlCacheBehavior [ RunTime:0.001793s ]
INFO: [ app_begin ] --END-- [ RunTime:0.001987s ]
SQL: SHOW COLUMNS FROM `gs_siteconfig` [ RunTime:0.0037s ]
SQL: SELECT * FROM `gs_siteconfig`  [ RunTime:0.0003s ]
INFO: [ view_parse ] --START--
INFO: [ template_filter ] --START--
INFO: Run Behavior\ContentReplaceBehavior [ RunTime:0.000091s ]
INFO: [ template_filter ] --END-- [ RunTime:0.000239s ]
INFO: Run Behavior\ParseTemplateBehavior [ RunTime:0.024252s ]
INFO: [ view_parse ] --END-- [ RunTime:0.024407s ]
INFO: [ view_filter ] --START--
INFO: Run Behavior\WriteHtmlCacheBehavior [ RunTime:0.001671s ]
INFO: [ view_filter ] --END-- [ RunTime:0.001798s ]
INFO: [ app_end ] --START--
INFO: Run Behavior\ShowPageTraceBehavior [ RunTime:0.001554s ]
INFO: [ app_end ] --END-- [ RunTime:0.001749s ]

[ 2016-04-12T21:07:23+08:00 ] ::1 /Grades/index.php/Admin/Index/index.html
INFO: [ app_init ] --START--
INFO: Run Behavior\BuildLiteBehavior [ RunTime:0.000029s ]
INFO: [ app_init ] --END-- [ RunTime:0.000510s ]
INFO: [ app_begin ] --START--
INFO: Run Behavior\ReadHtmlCacheBehavior [ RunTime:0.000672s ]
INFO: [ app_begin ] --END-- [ RunTime:0.000816s ]

[ 2016-04-12T21:07:23+08:00 ] ::1 /Grades/index.php/Admin/Public/login.html
INFO: [ app_init ] --START--
INFO: Run Behavior\BuildLiteBehavior [ RunTime:0.000036s ]
INFO: [ app_init ] --END-- [ RunTime:0.000587s ]
INFO: [ app_begin ] --START--
INFO: Run Behavior\ReadHtmlCacheBehavior [ RunTime:0.000589s ]
INFO: [ app_begin ] --END-- [ RunTime:0.000727s ]
INFO: [ view_parse ] --START--
INFO: [ template_filter ] --START--
INFO: Run Behavior\ContentReplaceBehavior [ RunTime:0.000069s ]
INFO: [ template_filter ] --END-- [ RunTime:0.000271s ]
INFO: Run Behavior\ParseTemplateBehavior [ RunTime:0.036973s ]
INFO: [ view_parse ] --END-- [ RunTime:0.037193s ]
INFO: [ view_filter ] --START--
INFO: Run Behavior\WriteHtmlCacheBehavior [ RunTime:0.000644s ]
INFO: [ view_filter ] --END-- [ RunTime:0.000887s ]
INFO: [ app_end ] --START--
INFO: Run Behavior\ShowPageTraceBehavior [ RunTime:0.001045s ]
INFO: [ app_end ] --END-- [ RunTime:0.001252s ]

[ 2016-04-12T21:07:25+08:00 ] ::1 /Grades/index.php/Admin/Public/login.html
INFO: [ app_init ] --START--
INFO: Run Behavior\BuildLiteBehavior [ RunTime:0.000053s ]
INFO: [ app_init ] --END-- [ RunTime:0.000492s ]
INFO: [ app_begin ] --START--
INFO: Run Behavior\ReadHtmlCacheBehavior [ RunTime:0.000804s ]
INFO: [ app_begin ] --END-- [ RunTime:0.001046s ]
SQL: SHOW COLUMNS FROM `gs_users` [ RunTime:0.0514s ]
SQL: SELECT * FROM `gs_users` WHERE `username` = 'admin' AND `password` = '202cb962ac59075b964b07152d234b70' LIMIT 1   [ RunTime:0.0387s ]

[ 2016-04-12T21:07:25+08:00 ] ::1 /Grades/index.php/Admin/Index/index.html
INFO: [ app_init ] --START--
INFO: Run Behavior\BuildLiteBehavior [ RunTime:0.000065s ]
INFO: [ app_init ] --END-- [ RunTime:0.001805s ]
INFO: [ app_begin ] --START--
INFO: Run Behavior\ReadHtmlCacheBehavior [ RunTime:0.001333s ]
INFO: [ app_begin ] --END-- [ RunTime:0.001619s ]
SQL: SHOW COLUMNS FROM `gs_siteconfig` [ RunTime:0.0042s ]
SQL: SELECT * FROM `gs_siteconfig`  [ RunTime:0.0007s ]
INFO: [ view_parse ] --START--
INFO: [ template_filter ] --START--
INFO: Run Behavior\ContentReplaceBehavior [ RunTime:0.000273s ]
INFO: [ template_filter ] --END-- [ RunTime:0.000812s ]
INFO: Run Behavior\ParseTemplateBehavior [ RunTime:0.074637s ]
INFO: [ view_parse ] --END-- [ RunTime:0.074947s ]
INFO: [ view_filter ] --START--
INFO: Run Behavior\WriteHtmlCacheBehavior [ RunTime:0.000490s ]
INFO: [ view_filter ] --END-- [ RunTime:0.000645s ]
INFO: [ app_end ] --START--
INFO: Run Behavior\ShowPageTraceBehavior [ RunTime:0.000873s ]
INFO: [ app_end ] --END-- [ RunTime:0.001070s ]

[ 2016-04-12T21:07:28+08:00 ] ::1 /Grades/index.php/Admin/Teacher/index.html
INFO: [ app_init ] --START--
INFO: Run Behavior\BuildLiteBehavior [ RunTime:0.000030s ]
INFO: [ app_init ] --END-- [ RunTime:0.000506s ]
INFO: [ app_begin ] --START--
INFO: Run Behavior\ReadHtmlCacheBehavior [ RunTime:0.000661s ]
INFO: [ app_begin ] --END-- [ RunTime:0.000861s ]
SQL: SHOW COLUMNS FROM `gs_siteconfig` [ RunTime:0.0046s ]
SQL: SELECT * FROM `gs_siteconfig`  [ RunTime:0.0004s ]
SQL: SHOW COLUMNS FROM `gs_users` [ RunTime:0.0063s ]
SQL: SELECT * FROM `gs_users` WHERE `role` = 1  [ RunTime:0.0003s ]
INFO: [ view_parse ] --START--
INFO: [ template_filter ] --START--
INFO: Run Behavior\ContentReplaceBehavior [ RunTime:0.000179s ]
INFO: [ template_filter ] --END-- [ RunTime:0.000448s ]
SQL: SHOW COLUMNS FROM `gs_class` [ RunTime:0.0525s ]
SQL: SELECT * FROM `gs_class` WHERE `id` = 1 LIMIT 1   [ RunTime:0.0378s ]
SQL: SELECT * FROM `gs_class` WHERE `id` = 1 LIMIT 1   [ RunTime:0.0012s ]
INFO: Run Behavior\ParseTemplateBehavior [ RunTime:0.127093s ]
INFO: [ view_parse ] --END-- [ RunTime:0.127533s ]
INFO: [ view_filter ] --START--
INFO: Run Behavior\WriteHtmlCacheBehavior [ RunTime:0.000795s ]
INFO: [ view_filter ] --END-- [ RunTime:0.001372s ]
INFO: [ app_end ] --START--
INFO: Run Behavior\ShowPageTraceBehavior [ RunTime:0.000824s ]
INFO: [ app_end ] --END-- [ RunTime:0.001009s ]

[ 2016-04-12T21:09:58+08:00 ] ::1 /Grades/index.php/Admin/Student/index.html
INFO: [ app_init ] --START--
INFO: Run Behavior\BuildLiteBehavior [ RunTime:0.000036s ]
INFO: [ app_init ] --END-- [ RunTime:0.001217s ]
INFO: [ app_begin ] --START--
INFO: Run Behavior\ReadHtmlCacheBehavior [ RunTime:0.002391s ]
INFO: [ app_begin ] --END-- [ RunTime:0.002608s ]
SQL: SHOW COLUMNS FROM `gs_siteconfig` [ RunTime:0.0048s ]
SQL: SELECT * FROM `gs_siteconfig`  [ RunTime:0.0003s ]
SQL: SHOW COLUMNS FROM `gs_users` [ RunTime:0.0039s ]
SQL: SELECT * FROM `gs_users` WHERE `role` = 0  [ RunTime:0.0003s ]
SQL: SHOW COLUMNS FROM `gs_class` [ RunTime:0.0036s ]
SQL: SELECT * FROM `gs_class`  [ RunTime:0.0003s ]
INFO: [ view_parse ] --START--
INFO: [ template_filter ] --START--
INFO: Run Behavior\ContentReplaceBehavior [ RunTime:0.000144s ]
INFO: [ template_filter ] --END-- [ RunTime:0.000304s ]
SQL: SELECT * FROM `gs_class` WHERE `id` = 1 LIMIT 1   [ RunTime:0.0004s ]
SQL: SELECT * FROM `gs_class` WHERE `id` = 2 LIMIT 1   [ RunTime:0.0003s ]
SQL: SELECT * FROM `gs_class` WHERE `id` = 2 LIMIT 1   [ RunTime:0.0002s ]
SQL: SELECT * FROM `gs_class` WHERE `id` = 1 LIMIT 1   [ RunTime:0.0002s ]
INFO: Run Behavior\ParseTemplateBehavior [ RunTime:0.032103s ]
INFO: [ view_parse ] --END-- [ RunTime:0.032262s ]
INFO: [ view_filter ] --START--
INFO: Run Behavior\WriteHtmlCacheBehavior [ RunTime:0.003420s ]
INFO: [ view_filter ] --END-- [ RunTime:0.003713s ]
INFO: [ app_end ] --START--
INFO: Run Behavior\ShowPageTraceBehavior [ RunTime:0.003762s ]
INFO: [ app_end ] --END-- [ RunTime:0.004035s ]

[ 2016-04-12T21:10:11+08:00 ] ::1 /Grades/index.php/Admin/Student/index.html
INFO: [ app_init ] --START--
INFO: Run Behavior\BuildLiteBehavior [ RunTime:0.000030s ]
INFO: [ app_init ] --END-- [ RunTime:0.000788s ]
INFO: [ app_begin ] --START--
INFO: Run Behavior\ReadHtmlCacheBehavior [ RunTime:0.002060s ]
INFO: [ app_begin ] --END-- [ RunTime:0.002287s ]
SQL: SHOW COLUMNS FROM `gs_siteconfig` [ RunTime:0.0057s ]
SQL: SELECT * FROM `gs_siteconfig`  [ RunTime:0.0003s ]
SQL: SHOW COLUMNS FROM `gs_users` [ RunTime:0.0044s ]
SQL: SELECT * FROM `gs_users` WHERE `class_id` = 2 AND `role` = 0  [ RunTime:0.0587s ]
SQL: SHOW COLUMNS FROM `gs_class` [ RunTime:0.0035s ]
SQL: SELECT * FROM `gs_class`  [ RunTime:0.0002s ]
INFO: [ view_parse ] --START--
INFO: [ template_filter ] --START--
INFO: Run Behavior\ContentReplaceBehavior [ RunTime:0.000111s ]
INFO: [ template_filter ] --END-- [ RunTime:0.000260s ]
SQL: SELECT * FROM `gs_class` WHERE `id` = 2 LIMIT 1   [ RunTime:0.0003s ]
SQL: SELECT * FROM `gs_class` WHERE `id` = 2 LIMIT 1   [ RunTime:0.0003s ]
INFO: Run Behavior\ParseTemplateBehavior [ RunTime:0.032634s ]
INFO: [ view_parse ] --END-- [ RunTime:0.032788s ]
INFO: [ view_filter ] --START--
INFO: Run Behavior\WriteHtmlCacheBehavior [ RunTime:0.001866s ]
INFO: [ view_filter ] --END-- [ RunTime:0.002050s ]
INFO: [ app_end ] --START--
INFO: Run Behavior\ShowPageTraceBehavior [ RunTime:0.002021s ]
INFO: [ app_end ] --END-- [ RunTime:0.002172s ]

[ 2016-04-12T21:45:01+08:00 ] ::1 /Grades/index.php/Admin/Student/index.html
INFO: [ app_init ] --START--
INFO: Run Behavior\BuildLiteBehavior [ RunTime:0.000033s ]
INFO: [ app_init ] --END-- [ RunTime:0.000828s ]
INFO: [ app_begin ] --START--
INFO: Run Behavior\ReadHtmlCacheBehavior [ RunTime:0.002665s ]
INFO: [ app_begin ] --END-- [ RunTime:0.003031s ]
SQL: SHOW COLUMNS FROM `gs_siteconfig` [ RunTime:0.0067s ]
SQL: SELECT * FROM `gs_siteconfig`  [ RunTime:0.0008s ]
SQL: SHOW COLUMNS FROM `gs_users` [ RunTime:0.0038s ]
SQL: SELECT * FROM `gs_users` WHERE `class_id` = 1 AND `role` = 0  [ RunTime:0.0005s ]
SQL: SHOW COLUMNS FROM `gs_class` [ RunTime:0.0040s ]
SQL: SELECT * FROM `gs_class`  [ RunTime:0.0007s ]
INFO: [ view_parse ] --START--
INFO: [ template_filter ] --START--
INFO: Run Behavior\ContentReplaceBehavior [ RunTime:0.000165s ]
INFO: [ template_filter ] --END-- [ RunTime:0.000379s ]
SQL: SELECT * FROM `gs_class` WHERE `id` = 1 LIMIT 1   [ RunTime:0.0004s ]
SQL: SELECT * FROM `gs_class` WHERE `id` = 1 LIMIT 1   [ RunTime:0.0002s ]
INFO: Run Behavior\ParseTemplateBehavior [ RunTime:0.072747s ]
INFO: [ view_parse ] --END-- [ RunTime:0.072889s ]
INFO: [ view_filter ] --START--
INFO: Run Behavior\WriteHtmlCacheBehavior [ RunTime:0.001078s ]
INFO: [ view_filter ] --END-- [ RunTime:0.001217s ]
INFO: [ app_end ] --START--
INFO: Run Behavior\ShowPageTraceBehavior [ RunTime:0.001154s ]
INFO: [ app_end ] --END-- [ RunTime:0.001277s ]

[ 2016-04-12T21:45:11+08:00 ] ::1 /Grades/index.php/Admin/Student/index.html
INFO: [ app_init ] --START--
INFO: Run Behavior\BuildLiteBehavior [ RunTime:0.000109s ]
INFO: [ app_init ] --END-- [ RunTime:0.001600s ]
INFO: [ app_begin ] --START--
INFO: Run Behavior\ReadHtmlCacheBehavior [ RunTime:0.006740s ]
INFO: [ app_begin ] --END-- [ RunTime:0.007033s ]
SQL: SHOW COLUMNS FROM `gs_siteconfig` [ RunTime:0.0064s ]
SQL: SELECT * FROM `gs_siteconfig`  [ RunTime:0.0005s ]
SQL: SHOW COLUMNS FROM `gs_users` [ RunTime:0.0061s ]
SQL: SELECT * FROM `gs_users` WHERE `class_id` = 2 AND `role` = 0  [ RunTime:0.0005s ]
SQL: SHOW COLUMNS FROM `gs_class` [ RunTime:0.0038s ]
SQL: SELECT * FROM `gs_class`  [ RunTime:0.0003s ]
INFO: [ view_parse ] --START--
INFO: [ template_filter ] --START--
INFO: Run Behavior\ContentReplaceBehavior [ RunTime:0.000113s ]
INFO: [ template_filter ] --END-- [ RunTime:0.000276s ]
SQL: SELECT * FROM `gs_class` WHERE `id` = 2 LIMIT 1   [ RunTime:0.0006s ]
SQL: SELECT * FROM `gs_class` WHERE `id` = 2 LIMIT 1   [ RunTime:0.0003s ]
INFO: Run Behavior\ParseTemplateBehavior [ RunTime:0.036990s ]
INFO: [ view_parse ] --END-- [ RunTime:0.037513s ]
INFO: [ view_filter ] --START--
INFO: Run Behavior\WriteHtmlCacheBehavior [ RunTime:0.001404s ]
INFO: [ view_filter ] --END-- [ RunTime:0.001580s ]
INFO: [ app_end ] --START--
INFO: Run Behavior\ShowPageTraceBehavior [ RunTime:0.001309s ]
INFO: [ app_end ] --END-- [ RunTime:0.001449s ]

[ 2016-04-12T21:45:37+08:00 ] ::1 /Grades/index.php/Admin/Student/index.html
INFO: [ app_init ] --START--
INFO: Run Behavior\BuildLiteBehavior [ RunTime:0.000059s ]
INFO: [ app_init ] --END-- [ RunTime:0.000623s ]
INFO: [ app_begin ] --START--
INFO: Run Behavior\ReadHtmlCacheBehavior [ RunTime:0.001178s ]
INFO: [ app_begin ] --END-- [ RunTime:0.001357s ]
SQL: SHOW COLUMNS FROM `gs_siteconfig` [ RunTime:0.0396s ]
SQL: SELECT * FROM `gs_siteconfig`  [ RunTime:0.0004s ]
SQL: SHOW COLUMNS FROM `gs_users` [ RunTime:0.0220s ]
SQL: SELECT * FROM `gs_users` WHERE `username` = 'Serene' AND `role` = 0  [ RunTime:0.0004s ]
SQL: SHOW COLUMNS FROM `gs_class` [ RunTime:0.0037s ]
SQL: SELECT * FROM `gs_class`  [ RunTime:0.0005s ]
INFO: [ view_parse ] --START--
INFO: [ template_filter ] --START--
INFO: Run Behavior\ContentReplaceBehavior [ RunTime:0.000177s ]
INFO: [ template_filter ] --END-- [ RunTime:0.000451s ]
INFO: Run Behavior\ParseTemplateBehavior [ RunTime:0.023772s ]
INFO: [ view_parse ] --END-- [ RunTime:0.023920s ]
INFO: [ view_filter ] --START--
INFO: Run Behavior\WriteHtmlCacheBehavior [ RunTime:0.000864s ]
INFO: [ view_filter ] --END-- [ RunTime:0.000984s ]
INFO: [ app_end ] --START--
INFO: Run Behavior\ShowPageTraceBehavior [ RunTime:0.001043s ]
INFO: [ app_end ] --END-- [ RunTime:0.001197s ]

[ 2016-04-12T21:46:18+08:00 ] ::1 /Grades/index.php/Admin/Student/index.html
INFO: [ app_init ] --START--
INFO: Run Behavior\BuildLiteBehavior [ RunTime:0.000045s ]
INFO: [ app_init ] --END-- [ RunTime:0.001020s ]
INFO: [ app_begin ] --START--
INFO: Run Behavior\ReadHtmlCacheBehavior [ RunTime:0.001783s ]
INFO: [ app_begin ] --END-- [ RunTime:0.001990s ]
SQL: SHOW COLUMNS FROM `gs_siteconfig` [ RunTime:0.0055s ]
SQL: SELECT * FROM `gs_siteconfig`  [ RunTime:0.0004s ]
SQL: SHOW COLUMNS FROM `gs_users` [ RunTime:0.0048s ]
SQL: SELECT * FROM `gs_users` WHERE `class_id` = 2 AND `role` = 0  [ RunTime:0.0004s ]
SQL: SHOW COLUMNS FROM `gs_class` [ RunTime:0.0040s ]
SQL: SELECT * FROM `gs_class`  [ RunTime:0.0004s ]
INFO: [ view_parse ] --START--
INFO: [ template_filter ] --START--
INFO: Run Behavior\ContentReplaceBehavior [ RunTime:0.000146s ]
INFO: [ template_filter ] --END-- [ RunTime:0.000366s ]
SQL: SELECT * FROM `gs_class` WHERE `id` = 2 LIMIT 1   [ RunTime:0.0005s ]
SQL: SELECT * FROM `gs_class` WHERE `id` = 2 LIMIT 1   [ RunTime:0.0003s ]
INFO: Run Behavior\ParseTemplateBehavior [ RunTime:0.028354s ]
INFO: [ view_parse ] --END-- [ RunTime:0.028567s ]
INFO: [ view_filter ] --START--
INFO: Run Behavior\WriteHtmlCacheBehavior [ RunTime:0.001035s ]
INFO: [ view_filter ] --END-- [ RunTime:0.001173s ]
INFO: [ app_end ] --START--
INFO: Run Behavior\ShowPageTraceBehavior [ RunTime:0.001423s ]
INFO: [ app_end ] --END-- [ RunTime:0.001591s ]

[ 2016-04-12T21:46:37+08:00 ] ::1 /Grades/index.php/Admin/Student/index.html
INFO: [ app_init ] --START--
INFO: Run Behavior\BuildLiteBehavior [ RunTime:0.000050s ]
INFO: [ app_init ] --END-- [ RunTime:0.000837s ]
INFO: [ app_begin ] --START--
INFO: Run Behavior\ReadHtmlCacheBehavior [ RunTime:0.001067s ]
INFO: [ app_begin ] --END-- [ RunTime:0.001227s ]
SQL: SHOW COLUMNS FROM `gs_siteconfig` [ RunTime:0.0041s ]
SQL: SELECT * FROM `gs_siteconfig`  [ RunTime:0.0003s ]
SQL: SHOW COLUMNS FROM `gs_users` [ RunTime:0.0036s ]
SQL: SELECT * FROM `gs_users` WHERE `username` = '07140730' AND `role` = 0  [ RunTime:0.0004s ]
SQL: SHOW COLUMNS FROM `gs_class` [ RunTime:0.0051s ]
SQL: SELECT * FROM `gs_class`  [ RunTime:0.0003s ]
INFO: [ view_parse ] --START--
INFO: [ template_filter ] --START--
INFO: Run Behavior\ContentReplaceBehavior [ RunTime:0.000198s ]
INFO: [ template_filter ] --END-- [ RunTime:0.000515s ]
INFO: Run Behavior\ParseTemplateBehavior [ RunTime:0.024744s ]
INFO: [ view_parse ] --END-- [ RunTime:0.024904s ]
INFO: [ view_filter ] --START--
INFO: Run Behavior\WriteHtmlCacheBehavior [ RunTime:0.001032s ]
INFO: [ view_filter ] --END-- [ RunTime:0.001175s ]
INFO: [ app_end ] --START--
INFO: Run Behavior\ShowPageTraceBehavior [ RunTime:0.001551s ]
INFO: [ app_end ] --END-- [ RunTime:0.001713s ]

[ 2016-04-12T21:50:25+08:00 ] ::1 /Grades/index.php/Admin/Student/index.html
INFO: [ app_init ] --START--
INFO: Run Behavior\BuildLiteBehavior [ RunTime:0.000031s ]
INFO: [ app_init ] --END-- [ RunTime:0.000593s ]
INFO: [ app_begin ] --START--
INFO: Run Behavior\ReadHtmlCacheBehavior [ RunTime:0.001183s ]
INFO: [ app_begin ] --END-- [ RunTime:0.001348s ]
SQL: SHOW COLUMNS FROM `gs_siteconfig` [ RunTime:0.0052s ]
SQL: SELECT * FROM `gs_siteconfig`  [ RunTime:0.0004s ]
SQL: SHOW COLUMNS FROM `gs_users` [ RunTime:0.0053s ]
SQL: SELECT * FROM `gs_users` WHERE `username` = '07140730' AND `role` = 0  [ RunTime:0.0005s ]
SQL: SHOW COLUMNS FROM `gs_class` [ RunTime:0.0039s ]
SQL: SELECT * FROM `gs_class`  [ RunTime:0.0003s ]
INFO: [ view_parse ] --START--
INFO: [ template_filter ] --START--
INFO: Run Behavior\ContentReplaceBehavior [ RunTime:0.000121s ]
INFO: [ template_filter ] --END-- [ RunTime:0.000279s ]
INFO: Run Behavior\ParseTemplateBehavior [ RunTime:0.028468s ]
INFO: [ view_parse ] --END-- [ RunTime:0.028641s ]
INFO: [ view_filter ] --START--
INFO: Run Behavior\WriteHtmlCacheBehavior [ RunTime:0.000909s ]
INFO: [ view_filter ] --END-- [ RunTime:0.001030s ]
INFO: [ app_end ] --START--
INFO: Run Behavior\ShowPageTraceBehavior [ RunTime:0.001146s ]
INFO: [ app_end ] --END-- [ RunTime:0.001269s ]

[ 2016-04-12T21:50:39+08:00 ] ::1 /Grades/index.php/Admin/Student/index.html
INFO: [ app_init ] --START--
INFO: Run Behavior\BuildLiteBehavior [ RunTime:0.000070s ]
INFO: [ app_init ] --END-- [ RunTime:0.000771s ]
INFO: [ app_begin ] --START--
INFO: Run Behavior\ReadHtmlCacheBehavior [ RunTime:0.001206s ]
INFO: [ app_begin ] --END-- [ RunTime:0.001412s ]
SQL: SHOW COLUMNS FROM `gs_siteconfig` [ RunTime:0.0046s ]
SQL: SELECT * FROM `gs_siteconfig`  [ RunTime:0.0003s ]
SQL: SHOW COLUMNS FROM `gs_users` [ RunTime:0.0041s ]
SQL: SELECT * FROM `gs_users` WHERE `class_id` = 1 AND `role` = 0  [ RunTime:0.0004s ]
SQL: SHOW COLUMNS FROM `gs_class` [ RunTime:0.0047s ]
SQL: SELECT * FROM `gs_class`  [ RunTime:0.0003s ]
INFO: [ view_parse ] --START--
INFO: [ template_filter ] --START--
INFO: Run Behavior\ContentReplaceBehavior [ RunTime:0.000174s ]
INFO: [ template_filter ] --END-- [ RunTime:0.000600s ]
SQL: SELECT * FROM `gs_class` WHERE `id` = 1 LIMIT 1   [ RunTime:0.0005s ]
SQL: SELECT * FROM `gs_class` WHERE `id` = 1 LIMIT 1   [ RunTime:0.0003s ]
INFO: Run Behavior\ParseTemplateBehavior [ RunTime:0.030284s ]
INFO: [ view_parse ] --END-- [ RunTime:0.030417s ]
INFO: [ view_filter ] --START--
INFO: Run Behavior\WriteHtmlCacheBehavior [ RunTime:0.000630s ]
INFO: [ view_filter ] --END-- [ RunTime:0.000785s ]
INFO: [ app_end ] --START--
INFO: Run Behavior\ShowPageTraceBehavior [ RunTime:0.000935s ]
INFO: [ app_end ] --END-- [ RunTime:0.001059s ]

[ 2016-04-12T21:50:54+08:00 ] ::1 /Grades/index.php/Admin/Student/index.html
INFO: [ app_init ] --START--
INFO: Run Behavior\BuildLiteBehavior [ RunTime:0.000035s ]
INFO: [ app_init ] --END-- [ RunTime:0.000577s ]
INFO: [ app_begin ] --START--
INFO: Run Behavior\ReadHtmlCacheBehavior [ RunTime:0.002488s ]
INFO: [ app_begin ] --END-- [ RunTime:0.003520s ]
SQL: SHOW COLUMNS FROM `gs_siteconfig` [ RunTime:0.0116s ]
SQL: SELECT * FROM `gs_siteconfig`  [ RunTime:0.0004s ]
SQL: SHOW COLUMNS FROM `gs_users` [ RunTime:0.0059s ]
SQL: SELECT * FROM `gs_users` WHERE `class_id` = 1 AND `username` = '07140501' AND `role` = 0  [ RunTime:0.0004s ]
SQL: SHOW COLUMNS FROM `gs_class` [ RunTime:0.0054s ]
SQL: SELECT * FROM `gs_class`  [ RunTime:0.0004s ]
INFO: [ view_parse ] --START--
INFO: [ template_filter ] --START--
INFO: Run Behavior\ContentReplaceBehavior [ RunTime:0.000120s ]
INFO: [ template_filter ] --END-- [ RunTime:0.000278s ]
SQL: SELECT * FROM `gs_class` WHERE `id` = 1 LIMIT 1   [ RunTime:0.0004s ]
INFO: Run Behavior\ParseTemplateBehavior [ RunTime:0.036506s ]
INFO: [ view_parse ] --END-- [ RunTime:0.036723s ]
INFO: [ view_filter ] --START--
INFO: Run Behavior\WriteHtmlCacheBehavior [ RunTime:0.000704s ]
INFO: [ view_filter ] --END-- [ RunTime:0.000941s ]
INFO: [ app_end ] --START--
INFO: Run Behavior\ShowPageTraceBehavior [ RunTime:0.001196s ]
INFO: [ app_end ] --END-- [ RunTime:0.001409s ]

